Using pre-set license
Built from '2022.1/staging' branch; Version is '2022.1.6f1 (e49a51cf6290) revision 14981713'; Using compiler version '192829333'; Build Type 'Release'
OS: 'Windows 10  (10.0.19045) 64bit Professional' Language: 'ru' Physical Memory: 16335 MB
BatchMode: 1, IsHumanControllingUs: 0, StartBugReporterOnCrash: 0, Is64bit: 1, IsPro: 1

COMMAND LINE ARGUMENTS:
C:\Program Files\Unity\Hub\Editor\2022.1.6f1\Editor\Unity.exe
-adb2
-batchMode
-noUpm
-name
AssetImportWorker3
-projectPath
X:/GitHub/Unity_Pencil-Project/Unity_Pencil Project
-logFile
Logs/AssetImportWorker3.log
-srvPort
51520
Successfully changed project path to: X:/GitHub/Unity_Pencil-Project/Unity_Pencil Project
X:/GitHub/Unity_Pencil-Project/Unity_Pencil Project
[UnityMemory] Configuration Parameters - Can be set up in boot.config
    "memorysetup-bucket-allocator-granularity=16"
    "memorysetup-bucket-allocator-bucket-count=8"
    "memorysetup-bucket-allocator-block-size=33554432"
    "memorysetup-bucket-allocator-block-count=8"
    "memorysetup-main-allocator-block-size=16777216"
    "memorysetup-thread-allocator-block-size=16777216"
    "memorysetup-gfx-main-allocator-block-size=16777216"
    "memorysetup-gfx-thread-allocator-block-size=16777216"
    "memorysetup-cache-allocator-block-size=4194304"
    "memorysetup-typetree-allocator-block-size=2097152"
    "memorysetup-profiler-bucket-allocator-granularity=16"
    "memorysetup-profiler-bucket-allocator-bucket-count=8"
    "memorysetup-profiler-bucket-allocator-block-size=33554432"
    "memorysetup-profiler-bucket-allocator-block-count=8"
    "memorysetup-profiler-allocator-block-size=16777216"
    "memorysetup-profiler-editor-allocator-block-size=1048576"
    "memorysetup-temp-allocator-size-main=16777216"
    "memorysetup-job-temp-allocator-block-size=2097152"
    "memorysetup-job-temp-allocator-block-size-background=1048576"
    "memorysetup-job-temp-allocator-reduction-small-platforms=262144"
    "memorysetup-temp-allocator-size-background-worker=32768"
    "memorysetup-temp-allocator-size-job-worker=262144"
    "memorysetup-temp-allocator-size-preload-manager=33554432"
    "memorysetup-temp-allocator-size-nav-mesh-worker=65536"
    "memorysetup-temp-allocator-size-audio-worker=65536"
    "memorysetup-temp-allocator-size-cloud-worker=32768"
    "memorysetup-temp-allocator-size-gi-baking-worker=262144"
    "memorysetup-temp-allocator-size-gfx=262144"
Refreshing native plugins compatible for Editor in 149.53 ms, found 3 plugins.
Preloading 0 native plugins for Editor in 0.00 ms.
Initialize engine version: 2022.1.6f1 (e49a51cf6290)
[Subsystems] Discovering subsystems at path C:/Program Files/Unity/Hub/Editor/2022.1.6f1/Editor/Data/Resources/UnitySubsystems
[Subsystems] Discovering subsystems at path X:/GitHub/Unity_Pencil-Project/Unity_Pencil Project/Assets
GfxDevice: creating device client; threaded=0; jobified=0
Direct3D:
    Version:  Direct3D 11.0 [level 11.1]
    Renderer: Radeon RX 580 Series (ID=0x67df)
    Vendor:   ATI
    VRAM:     8135 MB
    Driver:   31.0.14057.5006
Initialize mono
Mono path[0] = 'C:/Program Files/Unity/Hub/Editor/2022.1.6f1/Editor/Data/Managed'
Mono path[1] = 'C:/Program Files/Unity/Hub/Editor/2022.1.6f1/Editor/Data/MonoBleedingEdge/lib/mono/unityjit-win32'
Mono config path = 'C:/Program Files/Unity/Hub/Editor/2022.1.6f1/Editor/Data/MonoBleedingEdge/etc'
Using monoOptions --debugger-agent=transport=dt_socket,embedding=1,server=y,suspend=n,address=127.0.0.1:56992
Begin MonoManager ReloadAssembly
Registering precompiled unity dll's ...
Register platform support module: C:/Program Files/Unity/Hub/Editor/2022.1.6f1/Editor/Data/PlaybackEngines/WebGLSupport/UnityEditor.WebGL.Extensions.dll
Register platform support module: C:/Program Files/Unity/Hub/Editor/2022.1.6f1/Editor/Data/PlaybackEngines/AndroidPlayer/UnityEditor.Android.Extensions.dll
Register platform support module: C:/Program Files/Unity/Hub/Editor/2022.1.6f1/Editor/Data/PlaybackEngines/WindowsStandaloneSupport/UnityEditor.WindowsStandalone.Extensions.dll
Registered in 0.012614 seconds.
Native extension for WindowsStandalone target not found
Native extension for Android target not found
Native extension for WebGL target not found
Refreshing native plugins compatible for Editor in 130.20 ms, found 3 plugins.
Preloading 0 native plugins for Editor in 0.00 ms.
Mono: successfully reloaded assembly
- Completed reload, in  0.814 seconds
Domain Reload Profiling:
	ReloadAssembly (815ms)
		BeginReloadAssembly (93ms)
			ExecutionOrderSort (0ms)
			DisableScriptedObjects (0ms)
			BackupInstance (0ms)
			ReleaseScriptingObjects (0ms)
			CreateAndSetChildDomain (1ms)
		EndReloadAssembly (582ms)
			LoadAssemblies (91ms)
			RebuildTransferFunctionScriptingTraits (0ms)
			SetupTypeCache (125ms)
				TypeCache.Initialize (125ms)
					TypeCache.ScanAssembly (123ms)
				ResolveRequiredComponents (1ms)
			ReleaseScriptCaches (0ms)
			RebuildScriptCaches (28ms)
			SetupLoadedEditorAssemblies (368ms)
				LogAssemblyErrors (0ms)
				InitializePlatformSupportModulesInManaged (63ms)
				SetLoadedEditorAssemblies (9ms)
				RefreshPlugins (130ms)
				BeforeProcessingInitializeOnLoad (2ms)
				ProcessInitializeOnLoadAttributes (116ms)
				ProcessInitializeOnLoadMethodAttributes (47ms)
				AfterProcessingInitializeOnLoad (0ms)
				EditorAssembliesLoaded (0ms)
			ExecutionOrderSort2 (0ms)
			AwakeInstancesAfterBackupRestoration (0ms)
Platform modules already initialized, skipping
Registering precompiled user dll's ...
Registered in 0.006271 seconds.
Begin MonoManager ReloadAssembly
Symbol file LoadedFromMemory doesn't match image X:\GitHub\Unity_Pencil-Project\Unity_Pencil Project\Library\PackageCache\com.unity.visualscripting@1.7.8\Editor\VisualScripting.Core\Dependencies\YamlDotNet\Unity.VisualScripting.YamlDotNet.dll
Symbol file LoadedFromMemory doesn't match image X:\GitHub\Unity_Pencil-Project\Unity_Pencil Project\Library\PackageCache\com.unity.visualscripting@1.7.8\Editor\VisualScripting.Core\Dependencies\DotNetZip\Unity.VisualScripting.IonicZip.dll
Native extension for WindowsStandalone target not found
Native extension for Android target not found
Native extension for WebGL target not found
Refreshing native plugins compatible for Editor in 134.91 ms, found 3 plugins.
Preloading 0 native plugins for Editor in 0.00 ms.
Mono: successfully reloaded assembly
- Completed reload, in  1.576 seconds
Domain Reload Profiling:
	ReloadAssembly (1577ms)
		BeginReloadAssembly (237ms)
			ExecutionOrderSort (0ms)
			DisableScriptedObjects (6ms)
			BackupInstance (0ms)
			ReleaseScriptingObjects (0ms)
			CreateAndSetChildDomain (126ms)
		EndReloadAssembly (1208ms)
			LoadAssemblies (99ms)
			RebuildTransferFunctionScriptingTraits (0ms)
			SetupTypeCache (297ms)
				TypeCache.Initialize (284ms)
					TypeCache.ScanAssembly (280ms)
				ResolveRequiredComponents (13ms)
			ReleaseScriptCaches (1ms)
			RebuildScriptCaches (71ms)
			SetupLoadedEditorAssemblies (691ms)
				LogAssemblyErrors (0ms)
				InitializePlatformSupportModulesInManaged (21ms)
				SetLoadedEditorAssemblies (7ms)
				RefreshPlugins (135ms)
				BeforeProcessingInitializeOnLoad (114ms)
				ProcessInitializeOnLoadAttributes (315ms)
				ProcessInitializeOnLoadMethodAttributes (88ms)
				AfterProcessingInitializeOnLoad (12ms)
				EditorAssembliesLoaded (0ms)
			ExecutionOrderSort2 (0ms)
			AwakeInstancesAfterBackupRestoration (6ms)
Platform modules already initialized, skipping
========================================================================
Worker process is ready to serve import requests
Launched and connected shader compiler UnityShaderCompiler.exe after 0.04 seconds
Refreshing native plugins compatible for Editor in 0.95 ms, found 3 plugins.
Preloading 0 native plugins for Editor in 0.00 ms.
Unloading 5437 Unused Serialized files (Serialized files now loaded: 0)
Unloading 43 unused Assets / (389.6 KB). Loaded Objects now: 5916.
Memory consumption went from 0.86 GB to 0.86 GB.
Total: 3.874700 ms (FindLiveObjects: 0.423200 ms CreateObjectMapping: 0.136600 ms MarkObjects: 3.220300 ms  DeleteObjects: 0.093300 ms)

AssetImportParameters requested are different than current active one (requested -> active):
  custom:video-decoder-ogg-theora: a1e56fd34408186e4bbccfd4996cb3dc -> 
  custom:container-muxer-webm: aa71ff27fc2769a1b78a27578f13a17b -> 
  custom:container-demuxer-webm: 4f35f7cbe854078d1ac9338744f61a02 -> 
  custom:video-encoder-webm-vp8: eb34c28f22e8b96e1ab97ce403110664 -> 
  custom:audio-encoder-webm-vorbis: bf7c407c2cedff20999df2af8eb42d56 -> 
  custom:framework-win-MediaFoundation: 216162199b28c13a410421893ffa2e32 -> 
  custom:container-demuxer-ogg: 62fdf1f143b41e24485cea50d1cbac27 -> 
  custom:video-decoder-webm-vp8: 9c59270c3fd7afecdb556c50c9e8de78 -> 
  custom:audio-decoder-ogg-vorbis: bf7c407c2cedff20999df2af8eb42d56 -> 
========================================================================
Received Import Request.
  Time since last request: 28279.989816 seconds.
  path: Assets/AssetsStore/Simple Fantasy GUI/PNG/Inventory/Coin_Icon.png
  artifactKey: Guid(2a1c781e35926804da1a57d450ea2c86) Importer(815301076,1909f56bfc062723c751e8b465ee728b)
Start importing Assets/AssetsStore/Simple Fantasy GUI/PNG/Inventory/Coin_Icon.png using Guid(2a1c781e35926804da1a57d450ea2c86) Importer(815301076,1909f56bfc062723c751e8b465ee728b)  -> (artifact id: '38de0bad5c04b141630f024d771d0c81') in 0.136041 seconds 
========================================================================
Received Import Request.
  Time since last request: 0.119419 seconds.
  path: Assets/AssetsStore/BigRookGames/_AssetPacks/Stylized Weapon Pack/Stylized Rocket Launcher/Textures/flash_white.png
  artifactKey: Guid(24bb2a7bda524c6439f9fc140672b4f8) Importer(815301076,1909f56bfc062723c751e8b465ee728b)
Start importing Assets/AssetsStore/BigRookGames/_AssetPacks/Stylized Weapon Pack/Stylized Rocket Launcher/Textures/flash_white.png using Guid(24bb2a7bda524c6439f9fc140672b4f8) Importer(815301076,1909f56bfc062723c751e8b465ee728b)  -> (artifact id: '8df9b2bcba762837839de500f587d5dc') in 0.078361 seconds 
========================================================================
Received Import Request.
  Time since last request: 0.000022 seconds.
  path: Assets/AssetsStore/GUI CARTOON/TEXTURE/Items/I-002.png
  artifactKey: Guid(ad5e536b5a3afa54e9bde403ebb4e82f) Importer(815301076,1909f56bfc062723c751e8b465ee728b)
Start importing Assets/AssetsStore/GUI CARTOON/TEXTURE/Items/I-002.png using Guid(ad5e536b5a3afa54e9bde403ebb4e82f) Importer(815301076,1909f56bfc062723c751e8b465ee728b)  -> (artifact id: '8647c581ffba9dc42451ec174be5101a') in 0.027744 seconds 
========================================================================
Received Import Request.
  Time since last request: 0.000032 seconds.
  path: Assets/AssetsStore/GUI CARTOON/TEXTURE/Items/I-003.png
  artifactKey: Guid(27988a24fa3fd9244bf417bbcd7e8a49) Importer(815301076,1909f56bfc062723c751e8b465ee728b)
Start importing Assets/AssetsStore/GUI CARTOON/TEXTURE/Items/I-003.png using Guid(27988a24fa3fd9244bf417bbcd7e8a49) Importer(815301076,1909f56bfc062723c751e8b465ee728b)  -> (artifact id: '501d323efc7d868cc315d8fa3b9740b7') in 0.026635 seconds 
========================================================================
Received Import Request.
  Time since last request: 0.245392 seconds.
  path: Assets/AssetsStore/Simple Fantasy GUI/PNG/Inventory/Inventory_Slots.png
  artifactKey: Guid(ea19e8ef39d89f648a757b47c87f2365) Importer(815301076,1909f56bfc062723c751e8b465ee728b)
Start importing Assets/AssetsStore/Simple Fantasy GUI/PNG/Inventory/Inventory_Slots.png using Guid(ea19e8ef39d89f648a757b47c87f2365) Importer(815301076,1909f56bfc062723c751e8b465ee728b)  -> (artifact id: '126116f320d5155d44a221e8bc7b8ee7') in 0.036635 seconds 
Editor requested this worker to shutdown with reason: Scaling down because of idle timeout
AssetImportWorker is now disconnected from the server
Process exiting
Exiting without the bug reporter. Application will terminate with return code 0