Using pre-set license
Built from '2022.1/staging' branch; Version is '2022.1.6f1 (e49a51cf6290) revision 14981713'; Using compiler version '192829333'; Build Type 'Release'
OS: 'Windows 10  (10.0.19045) 64bit Professional' Language: 'ru' Physical Memory: 16335 MB
BatchMode: 1, IsHumanControllingUs: 0, StartBugReporterOnCrash: 0, Is64bit: 1, IsPro: 1

COMMAND LINE ARGUMENTS:
C:\Program Files\Unity\Hub\Editor\2022.1.6f1\Editor\Unity.exe
-adb2
-batchMode
-noUpm
-name
AssetImportWorker0
-projectPath
X:/GitHub/Unity_Pencil-Project/Unity_Pencil Project
-logFile
Logs/AssetImportWorker0.log
-srvPort
51520
Successfully changed project path to: X:/GitHub/Unity_Pencil-Project/Unity_Pencil Project
X:/GitHub/Unity_Pencil-Project/Unity_Pencil Project
[UnityMemory] Configuration Parameters - Can be set up in boot.config
    "memorysetup-bucket-allocator-granularity=16"
    "memorysetup-bucket-allocator-bucket-count=8"
    "memorysetup-bucket-allocator-block-size=33554432"
    "memorysetup-bucket-allocator-block-count=8"
    "memorysetup-main-allocator-block-size=16777216"
    "memorysetup-thread-allocator-block-size=16777216"
    "memorysetup-gfx-main-allocator-block-size=16777216"
    "memorysetup-gfx-thread-allocator-block-size=16777216"
    "memorysetup-cache-allocator-block-size=4194304"
    "memorysetup-typetree-allocator-block-size=2097152"
    "memorysetup-profiler-bucket-allocator-granularity=16"
    "memorysetup-profiler-bucket-allocator-bucket-count=8"
    "memorysetup-profiler-bucket-allocator-block-size=33554432"
    "memorysetup-profiler-bucket-allocator-block-count=8"
    "memorysetup-profiler-allocator-block-size=16777216"
    "memorysetup-profiler-editor-allocator-block-size=1048576"
    "memorysetup-temp-allocator-size-main=16777216"
    "memorysetup-job-temp-allocator-block-size=2097152"
    "memorysetup-job-temp-allocator-block-size-background=1048576"
    "memorysetup-job-temp-allocator-reduction-small-platforms=262144"
    "memorysetup-temp-allocator-size-background-worker=32768"
    "memorysetup-temp-allocator-size-job-worker=262144"
    "memorysetup-temp-allocator-size-preload-manager=33554432"
    "memorysetup-temp-allocator-size-nav-mesh-worker=65536"
    "memorysetup-temp-allocator-size-audio-worker=65536"
    "memorysetup-temp-allocator-size-cloud-worker=32768"
    "memorysetup-temp-allocator-size-gi-baking-worker=262144"
    "memorysetup-temp-allocator-size-gfx=262144"
Refreshing native plugins compatible for Editor in 137.89 ms, found 3 plugins.
Preloading 0 native plugins for Editor in 0.00 ms.
Initialize engine version: 2022.1.6f1 (e49a51cf6290)
[Subsystems] Discovering subsystems at path C:/Program Files/Unity/Hub/Editor/2022.1.6f1/Editor/Data/Resources/UnitySubsystems
[Subsystems] Discovering subsystems at path X:/GitHub/Unity_Pencil-Project/Unity_Pencil Project/Assets
GfxDevice: creating device client; threaded=0; jobified=0
Direct3D:
    Version:  Direct3D 11.0 [level 11.1]
    Renderer: Radeon RX 580 Series (ID=0x67df)
    Vendor:   ATI
    VRAM:     8135 MB
    Driver:   31.0.14057.5006
Initialize mono
Mono path[0] = 'C:/Program Files/Unity/Hub/Editor/2022.1.6f1/Editor/Data/Managed'
Mono path[1] = 'C:/Program Files/Unity/Hub/Editor/2022.1.6f1/Editor/Data/MonoBleedingEdge/lib/mono/unityjit-win32'
Mono config path = 'C:/Program Files/Unity/Hub/Editor/2022.1.6f1/Editor/Data/MonoBleedingEdge/etc'
Using monoOptions --debugger-agent=transport=dt_socket,embedding=1,server=y,suspend=n,address=127.0.0.1:56100
Begin MonoManager ReloadAssembly
Registering precompiled unity dll's ...
Register platform support module: C:/Program Files/Unity/Hub/Editor/2022.1.6f1/Editor/Data/PlaybackEngines/WebGLSupport/UnityEditor.WebGL.Extensions.dll
Register platform support module: C:/Program Files/Unity/Hub/Editor/2022.1.6f1/Editor/Data/PlaybackEngines/AndroidPlayer/UnityEditor.Android.Extensions.dll
Register platform support module: C:/Program Files/Unity/Hub/Editor/2022.1.6f1/Editor/Data/PlaybackEngines/WindowsStandaloneSupport/UnityEditor.WindowsStandalone.Extensions.dll
Registered in 0.013315 seconds.
Native extension for WindowsStandalone target not found
Native extension for Android target not found
Native extension for WebGL target not found
Refreshing native plugins compatible for Editor in 132.60 ms, found 3 plugins.
Preloading 0 native plugins for Editor in 0.00 ms.
Mono: successfully reloaded assembly
- Completed reload, in  0.897 seconds
Domain Reload Profiling:
	ReloadAssembly (897ms)
		BeginReloadAssembly (107ms)
			ExecutionOrderSort (0ms)
			DisableScriptedObjects (0ms)
			BackupInstance (0ms)
			ReleaseScriptingObjects (0ms)
			CreateAndSetChildDomain (1ms)
		EndReloadAssembly (633ms)
			LoadAssemblies (103ms)
			RebuildTransferFunctionScriptingTraits (0ms)
			SetupTypeCache (136ms)
				TypeCache.Initialize (136ms)
					TypeCache.ScanAssembly (134ms)
				ResolveRequiredComponents (1ms)
			ReleaseScriptCaches (0ms)
			RebuildScriptCaches (28ms)
			SetupLoadedEditorAssemblies (405ms)
				LogAssemblyErrors (0ms)
				InitializePlatformSupportModulesInManaged (69ms)
				SetLoadedEditorAssemblies (11ms)
				RefreshPlugins (133ms)
				BeforeProcessingInitializeOnLoad (2ms)
				ProcessInitializeOnLoadAttributes (136ms)
				ProcessInitializeOnLoadMethodAttributes (55ms)
				AfterProcessingInitializeOnLoad (0ms)
				EditorAssembliesLoaded (0ms)
			ExecutionOrderSort2 (0ms)
			AwakeInstancesAfterBackupRestoration (0ms)
Platform modules already initialized, skipping
Registering precompiled user dll's ...
Registered in 0.006359 seconds.
Begin MonoManager ReloadAssembly
Symbol file LoadedFromMemory doesn't match image X:\GitHub\Unity_Pencil-Project\Unity_Pencil Project\Library\PackageCache\com.unity.visualscripting@1.7.8\Editor\VisualScripting.Core\Dependencies\YamlDotNet\Unity.VisualScripting.YamlDotNet.dll
Symbol file LoadedFromMemory doesn't match image X:\GitHub\Unity_Pencil-Project\Unity_Pencil Project\Library\PackageCache\com.unity.visualscripting@1.7.8\Editor\VisualScripting.Core\Dependencies\DotNetZip\Unity.VisualScripting.IonicZip.dll
Native extension for WindowsStandalone target not found
Native extension for Android target not found
Native extension for WebGL target not found
Refreshing native plugins compatible for Editor in 150.89 ms, found 3 plugins.
Preloading 0 native plugins for Editor in 0.00 ms.
Mono: successfully reloaded assembly
- Completed reload, in  1.839 seconds
Domain Reload Profiling:
	ReloadAssembly (1840ms)
		BeginReloadAssembly (270ms)
			ExecutionOrderSort (0ms)
			DisableScriptedObjects (7ms)
			BackupInstance (0ms)
			ReleaseScriptingObjects (0ms)
			CreateAndSetChildDomain (127ms)
		EndReloadAssembly (1399ms)
			LoadAssemblies (136ms)
			RebuildTransferFunctionScriptingTraits (0ms)
			SetupTypeCache (359ms)
				TypeCache.Initialize (342ms)
					TypeCache.ScanAssembly (336ms)
				ResolveRequiredComponents (17ms)
			ReleaseScriptCaches (1ms)
			RebuildScriptCaches (85ms)
			SetupLoadedEditorAssemblies (780ms)
				LogAssemblyErrors (0ms)
				InitializePlatformSupportModulesInManaged (19ms)
				SetLoadedEditorAssemblies (7ms)
				RefreshPlugins (151ms)
				BeforeProcessingInitializeOnLoad (129ms)
				ProcessInitializeOnLoadAttributes (363ms)
				ProcessInitializeOnLoadMethodAttributes (98ms)
				AfterProcessingInitializeOnLoad (13ms)
				EditorAssembliesLoaded (0ms)
			ExecutionOrderSort2 (0ms)
			AwakeInstancesAfterBackupRestoration (6ms)
Platform modules already initialized, skipping
========================================================================
Worker process is ready to serve import requests
Launched and connected shader compiler UnityShaderCompiler.exe after 0.06 seconds
Refreshing native plugins compatible for Editor in 1.83 ms, found 3 plugins.
Preloading 0 native plugins for Editor in 0.00 ms.
Unloading 5437 Unused Serialized files (Serialized files now loaded: 0)
Unloading 43 unused Assets / (389.6 KB). Loaded Objects now: 5916.
Memory consumption went from 0.86 GB to 0.86 GB.
Total: 4.611400 ms (FindLiveObjects: 0.528100 ms CreateObjectMapping: 0.159300 ms MarkObjects: 3.804100 ms  DeleteObjects: 0.118900 ms)

AssetImportParameters requested are different than current active one (requested -> active):
  custom:video-decoder-ogg-theora: a1e56fd34408186e4bbccfd4996cb3dc -> 
  custom:container-muxer-webm: aa71ff27fc2769a1b78a27578f13a17b -> 
  custom:container-demuxer-webm: 4f35f7cbe854078d1ac9338744f61a02 -> 
  custom:video-encoder-webm-vp8: eb34c28f22e8b96e1ab97ce403110664 -> 
  custom:audio-encoder-webm-vorbis: bf7c407c2cedff20999df2af8eb42d56 -> 
  custom:framework-win-MediaFoundation: 216162199b28c13a410421893ffa2e32 -> 
  custom:container-demuxer-ogg: 62fdf1f143b41e24485cea50d1cbac27 -> 
  custom:video-decoder-webm-vp8: 9c59270c3fd7afecdb556c50c9e8de78 -> 
  custom:audio-decoder-ogg-vorbis: bf7c407c2cedff20999df2af8eb42d56 -> 
========================================================================
Received Import Request.
  Time since last request: 28082.491532 seconds.
  path: Assets/AssetsStore/GUI CARTOON/TEXTURE/Buttons/Green/RETRY-GREEN.png
  artifactKey: Guid(d2a712a4eb2c4e748bcdbdb2f216741e) Importer(815301076,1909f56bfc062723c751e8b465ee728b)
Start importing Assets/AssetsStore/GUI CARTOON/TEXTURE/Buttons/Green/RETRY-GREEN.png using Guid(d2a712a4eb2c4e748bcdbdb2f216741e) Importer(815301076,1909f56bfc062723c751e8b465ee728b)  -> (artifact id: '5025243409adbe051a0080d1afae9bf1') in 0.159132 seconds 
========================================================================
Received Import Request.
  Time since last request: 0.000024 seconds.
  path: Assets/AssetsStore/Simple Fantasy GUI/PNG/Loading Bar/Background_Bar.png
  artifactKey: Guid(4527bf35c3959cf4b8ab578a90dcd02b) Importer(815301076,1909f56bfc062723c751e8b465ee728b)
Start importing Assets/AssetsStore/Simple Fantasy GUI/PNG/Loading Bar/Background_Bar.png using Guid(4527bf35c3959cf4b8ab578a90dcd02b) Importer(815301076,1909f56bfc062723c751e8b465ee728b)  -> (artifact id: '6e9e42590b671e1e989c7ee0b94f9c76') in 0.024484 seconds 
========================================================================
Received Import Request.
  Time since last request: 0.000027 seconds.
  path: Assets/AssetsStore/GUI CARTOON/TEXTURE/Buttons/Lavender/TROPHY-PINK.png
  artifactKey: Guid(a5863395e2f7dd447ac3b4feea9d251c) Importer(815301076,1909f56bfc062723c751e8b465ee728b)
Start importing Assets/AssetsStore/GUI CARTOON/TEXTURE/Buttons/Lavender/TROPHY-PINK.png using Guid(a5863395e2f7dd447ac3b4feea9d251c) Importer(815301076,1909f56bfc062723c751e8b465ee728b)  -> (artifact id: '15f983cf6cd579c73cef13959631964c') in 0.025742 seconds 
========================================================================
Received Import Request.
  Time since last request: 0.000044 seconds.
  path: Assets/AssetsStore/GUI CARTOON/TEXTURE/Buttons/Blue/TROPHY-BLUE.png
  artifactKey: Guid(47da0099a3f9a83499610fd53fdcb6dd) Importer(815301076,1909f56bfc062723c751e8b465ee728b)
Start importing Assets/AssetsStore/GUI CARTOON/TEXTURE/Buttons/Blue/TROPHY-BLUE.png using Guid(47da0099a3f9a83499610fd53fdcb6dd) Importer(815301076,1909f56bfc062723c751e8b465ee728b)  -> (artifact id: 'dd0320a4a20f094683dc7b6a6aa4ce57') in 0.025298 seconds 
========================================================================
Received Import Request.
  Time since last request: 0.000022 seconds.
  path: Assets/AssetsStore/GUI CARTOON/TEXTURE/Buttons/Lavender/SOUND-PINK.png
  artifactKey: Guid(340ad1403114bbb4db733d972c1fe3a4) Importer(815301076,1909f56bfc062723c751e8b465ee728b)
Start importing Assets/AssetsStore/GUI CARTOON/TEXTURE/Buttons/Lavender/SOUND-PINK.png using Guid(340ad1403114bbb4db733d972c1fe3a4) Importer(815301076,1909f56bfc062723c751e8b465ee728b)  -> (artifact id: 'a62fab28cec931382c13fc7759083573') in 0.025375 seconds 
========================================================================
Received Import Request.
  Time since last request: 0.000027 seconds.
  path: Assets/AssetsStore/GUI CARTOON/TEXTURE/Others/Background.png
  artifactKey: Guid(c2699e79fa342134995e1b1bde8a70d5) Importer(815301076,1909f56bfc062723c751e8b465ee728b)
Start importing Assets/AssetsStore/GUI CARTOON/TEXTURE/Others/Background.png using Guid(c2699e79fa342134995e1b1bde8a70d5) Importer(815301076,1909f56bfc062723c751e8b465ee728b)  -> (artifact id: 'e2830452c035dabb0e5c0c44e089d8d7') in 0.156140 seconds 
========================================================================
Received Import Request.
  Time since last request: 0.000033 seconds.
  path: Assets/AssetsStore/GUI CARTOON/TEXTURE/Buttons/Pink/SETTING-PINK.png
  artifactKey: Guid(73ad846eed931f246bd6f1559a8e0d7b) Importer(815301076,1909f56bfc062723c751e8b465ee728b)
Start importing Assets/AssetsStore/GUI CARTOON/TEXTURE/Buttons/Pink/SETTING-PINK.png using Guid(73ad846eed931f246bd6f1559a8e0d7b) Importer(815301076,1909f56bfc062723c751e8b465ee728b)  -> (artifact id: '0e1817601e2c99fa42ab5a87eab75f2c') in 0.027312 seconds 
========================================================================
Received Import Request.
  Time since last request: 0.000032 seconds.
  path: Assets/AssetsStore/Simple Fantasy GUI/PNG/Quest Panel/QuestDemo.png
  artifactKey: Guid(0c89fb34eb40dac459225c387c909660) Importer(815301076,1909f56bfc062723c751e8b465ee728b)
Start importing Assets/AssetsStore/Simple Fantasy GUI/PNG/Quest Panel/QuestDemo.png using Guid(0c89fb34eb40dac459225c387c909660) Importer(815301076,1909f56bfc062723c751e8b465ee728b)  -> (artifact id: '0791518b9044d4b21a6e784fd63ab9ea') in 0.045583 seconds 
========================================================================
Received Import Request.
  Time since last request: 0.000030 seconds.
  path: Assets/AssetsStore/GUI CARTOON/TEXTURE/Buttons/Red/RETRY-RED.png
  artifactKey: Guid(772502272acf1b14180a6a3bf7d1bc01) Importer(815301076,1909f56bfc062723c751e8b465ee728b)
Start importing Assets/AssetsStore/GUI CARTOON/TEXTURE/Buttons/Red/RETRY-RED.png using Guid(772502272acf1b14180a6a3bf7d1bc01) Importer(815301076,1909f56bfc062723c751e8b465ee728b)  -> (artifact id: '8976f54a206b5af58b863162a020ea76') in 0.027991 seconds 
========================================================================
Received Import Request.
  Time since last request: 0.000026 seconds.
  path: Assets/AssetsStore/GUI CARTOON/TEXTURE/Icon/TROPHY.png
  artifactKey: Guid(4aa4c77d9779b904e975d0ecd3d89881) Importer(815301076,1909f56bfc062723c751e8b465ee728b)
Start importing Assets/AssetsStore/GUI CARTOON/TEXTURE/Icon/TROPHY.png using Guid(4aa4c77d9779b904e975d0ecd3d89881) Importer(815301076,1909f56bfc062723c751e8b465ee728b)  -> (artifact id: 'b6ee0e6be601098992344d605cdaa56a') in 0.027379 seconds 
========================================================================
Received Import Request.
  Time since last request: 0.000023 seconds.
  path: Assets/AssetsStore/GUI CARTOON/TEXTURE/Buttons/Purple/RETRY-PURPLE.png
  artifactKey: Guid(5fb397da235af454f8466ed50ce3154a) Importer(815301076,1909f56bfc062723c751e8b465ee728b)
Start importing Assets/AssetsStore/GUI CARTOON/TEXTURE/Buttons/Purple/RETRY-PURPLE.png using Guid(5fb397da235af454f8466ed50ce3154a) Importer(815301076,1909f56bfc062723c751e8b465ee728b)  -> (artifact id: '3dd64c2caabb4d07aebda0b28de569fe') in 0.027520 seconds 
========================================================================
Received Import Request.
  Time since last request: 0.000028 seconds.
  path: Assets/AssetsStore/GUI CARTOON/TEXTURE/Buttons/Red/TROPHY-RED.png
  artifactKey: Guid(62c5c90a55668374ea01ef65e3285b83) Importer(815301076,1909f56bfc062723c751e8b465ee728b)
Start importing Assets/AssetsStore/GUI CARTOON/TEXTURE/Buttons/Red/TROPHY-RED.png using Guid(62c5c90a55668374ea01ef65e3285b83) Importer(815301076,1909f56bfc062723c751e8b465ee728b)  -> (artifact id: '32c6f3f206d74f21e421c45380d76cc3') in 0.028525 seconds 
========================================================================
Received Import Request.
  Time since last request: 0.000026 seconds.
  path: Assets/AssetsStore/GUI CARTOON/TEXTURE/Buttons/Blue/SHOP-BLUE.png
  artifactKey: Guid(b9a50d39d5c753641b2e080427e383ae) Importer(815301076,1909f56bfc062723c751e8b465ee728b)
Start importing Assets/AssetsStore/GUI CARTOON/TEXTURE/Buttons/Blue/SHOP-BLUE.png using Guid(b9a50d39d5c753641b2e080427e383ae) Importer(815301076,1909f56bfc062723c751e8b465ee728b)  -> (artifact id: 'af53f214f14b896351d8630464d5aff4') in 0.025685 seconds 
========================================================================
Received Import Request.
  Time since last request: 0.000043 seconds.
  path: Assets/AssetsStore/GUI CARTOON/TEXTURE/Buttons/NavyBlue/SETTING-NAVYBLUE.png
  artifactKey: Guid(24d1a2693a463334693669d18483ace3) Importer(815301076,1909f56bfc062723c751e8b465ee728b)
Start importing Assets/AssetsStore/GUI CARTOON/TEXTURE/Buttons/NavyBlue/SETTING-NAVYBLUE.png using Guid(24d1a2693a463334693669d18483ace3) Importer(815301076,1909f56bfc062723c751e8b465ee728b)  -> (artifact id: 'eff4fbbfe35a682fd1b24d2a370ef845') in 0.026643 seconds 
========================================================================
Received Import Request.
  Time since last request: 0.000050 seconds.
  path: Assets/AssetsStore/GUI CARTOON/TEXTURE/Buttons/NavyBlue/SOUND-NAVYBLUE.png
  artifactKey: Guid(2db30e61500db214ea7ac78026806678) Importer(815301076,1909f56bfc062723c751e8b465ee728b)
Start importing Assets/AssetsStore/GUI CARTOON/TEXTURE/Buttons/NavyBlue/SOUND-NAVYBLUE.png using Guid(2db30e61500db214ea7ac78026806678) Importer(815301076,1909f56bfc062723c751e8b465ee728b)  -> (artifact id: '0b0bf5c8242783eacf4ece868ca1532e') in 0.024717 seconds 
========================================================================
Received Import Request.
  Time since last request: 0.000025 seconds.
  path: Assets/AssetsStore/GUI CARTOON/TEXTURE/Buttons/NavyBlue/TROPHY-NAVYBLUE.png
  artifactKey: Guid(03e51f8de5054a449a69d38b4a11e6ff) Importer(815301076,1909f56bfc062723c751e8b465ee728b)
Start importing Assets/AssetsStore/GUI CARTOON/TEXTURE/Buttons/NavyBlue/TROPHY-NAVYBLUE.png using Guid(03e51f8de5054a449a69d38b4a11e6ff) Importer(815301076,1909f56bfc062723c751e8b465ee728b)  -> (artifact id: '9b6a62d65cef5a43f0073e2265173e86') in 0.027439 seconds 
========================================================================
Received Import Request.
  Time since last request: 0.000022 seconds.
  path: Assets/AssetsStore/JMO Assets/Cartoon FX Remaster/CFXR Assets/Misc/cfxr font AmazGoDaBold.png
  artifactKey: Guid(7ab74e659e1f0a34d9cfec21c478fc12) Importer(815301076,1909f56bfc062723c751e8b465ee728b)
Start importing Assets/AssetsStore/JMO Assets/Cartoon FX Remaster/CFXR Assets/Misc/cfxr font AmazGoDaBold.png using Guid(7ab74e659e1f0a34d9cfec21c478fc12) Importer(815301076,1909f56bfc062723c751e8b465ee728b)  -> (artifact id: '4bb07a8fc191a0f909db31d0421809cd') in 0.311142 seconds 
========================================================================
Received Import Request.
  Time since last request: 5.785588 seconds.
  path: Assets/AssetsStore/Simple Fantasy GUI/PNG/Character Panel/Blue_Ribbon.png
  artifactKey: Guid(6b7f50f0c25eead429284cd00c8c43fd) Importer(815301076,1909f56bfc062723c751e8b465ee728b)
Start importing Assets/AssetsStore/Simple Fantasy GUI/PNG/Character Panel/Blue_Ribbon.png using Guid(6b7f50f0c25eead429284cd00c8c43fd) Importer(815301076,1909f56bfc062723c751e8b465ee728b)  -> (artifact id: 'dacb05029e91b7858983bc6a5a18f7f8') in 0.030587 seconds 
========================================================================
Received Import Request.
  Time since last request: 0.000028 seconds.
  path: Assets/AssetsStore/GUI CARTOON/PSD/Button-Items.psd
  artifactKey: Guid(bbd36df1008581848a5a25bf39c8e778) Importer(815301076,1909f56bfc062723c751e8b465ee728b)
Start importing Assets/AssetsStore/GUI CARTOON/PSD/Button-Items.psd using Guid(bbd36df1008581848a5a25bf39c8e778) Importer(815301076,1909f56bfc062723c751e8b465ee728b)  -> (artifact id: '046138a403f4ad1383acb33a599efe72') in 0.029644 seconds 
========================================================================
Received Import Request.
  Time since last request: 0.000022 seconds.
  path: Assets/AssetsStore/GUI CARTOON/TEXTURE/Icon/CANCEL.png
  artifactKey: Guid(26434401dd9433446b6a5cb8d07dc493) Importer(815301076,1909f56bfc062723c751e8b465ee728b)
Start importing Assets/AssetsStore/GUI CARTOON/TEXTURE/Icon/CANCEL.png using Guid(26434401dd9433446b6a5cb8d07dc493) Importer(815301076,1909f56bfc062723c751e8b465ee728b)  -> (artifact id: '0b4b1e89f715cabc8db8b56c3821d6cf') in 0.023671 seconds 
========================================================================
Received Import Request.
  Time since last request: 0.000028 seconds.
  path: Assets/AssetsStore/JMO Assets/Cartoon FX Remaster/CFXR Assets/Misc/cfxr font WashYourHand.png
  artifactKey: Guid(09e4c6a7d75923945afe43953ef58ad2) Importer(815301076,1909f56bfc062723c751e8b465ee728b)
Start importing Assets/AssetsStore/JMO Assets/Cartoon FX Remaster/CFXR Assets/Misc/cfxr font WashYourHand.png using Guid(09e4c6a7d75923945afe43953ef58ad2) Importer(815301076,1909f56bfc062723c751e8b465ee728b)  -> (artifact id: '29d0a9499c571dd266f1207fb3578a1d') in 0.309012 seconds 
========================================================================
Received Import Request.
  Time since last request: 69.435021 seconds.
  path: Assets/AssetsStore/Simple Fantasy GUI/PNG/Character Bar/Character_Box.png
  artifactKey: Guid(f07e17d8dc5732646b3ec49fce870411) Importer(815301076,1909f56bfc062723c751e8b465ee728b)
Start importing Assets/AssetsStore/Simple Fantasy GUI/PNG/Character Bar/Character_Box.png using Guid(f07e17d8dc5732646b3ec49fce870411) Importer(815301076,1909f56bfc062723c751e8b465ee728b)  -> (artifact id: '0100005530512b00336c3a9bfe3046bd') in 0.025552 seconds 
========================================================================
Received Import Request.
  Time since last request: 0.324792 seconds.
  path: Assets/AssetsStore/GUI CARTOON/TEXTURE/Buttons/NavyBlue/HELP-NAVYBLUE.png
  artifactKey: Guid(d14b77b70f80b3f459c2c5f285cf6fc1) Importer(815301076,1909f56bfc062723c751e8b465ee728b)
Start importing Assets/AssetsStore/GUI CARTOON/TEXTURE/Buttons/NavyBlue/HELP-NAVYBLUE.png using Guid(d14b77b70f80b3f459c2c5f285cf6fc1) Importer(815301076,1909f56bfc062723c751e8b465ee728b)  -> (artifact id: '2fd2f2e15337f9fa8279fca925384a9c') in 0.023063 seconds 
========================================================================
Received Import Request.
  Time since last request: 0.000021 seconds.
  path: Assets/AssetsStore/Simple Fantasy GUI/PNG/Inventory/Inventory_Box.png
  artifactKey: Guid(6217b7e11307ad64884406331d3ca2ce) Importer(815301076,1909f56bfc062723c751e8b465ee728b)
Start importing Assets/AssetsStore/Simple Fantasy GUI/PNG/Inventory/Inventory_Box.png using Guid(6217b7e11307ad64884406331d3ca2ce) Importer(815301076,1909f56bfc062723c751e8b465ee728b)  -> (artifact id: '8790bb6a3e8a8c5d81e6b58c1d5cdbdd') in 0.045430 seconds 
========================================================================
Received Import Request.
  Time since last request: 0.000029 seconds.
  path: Assets/AssetsStore/GUI CARTOON/TEXTURE/Buttons/Blue/NEXT-BLUE.png
  artifactKey: Guid(36d3d45b07c4ff84b8b201526d75c5a6) Importer(815301076,1909f56bfc062723c751e8b465ee728b)
Start importing Assets/AssetsStore/GUI CARTOON/TEXTURE/Buttons/Blue/NEXT-BLUE.png using Guid(36d3d45b07c4ff84b8b201526d75c5a6) Importer(815301076,1909f56bfc062723c751e8b465ee728b)  -> (artifact id: 'dd783e525fafbb5d215595414c879579') in 0.028390 seconds 
========================================================================
Received Import Request.
  Time since last request: 0.000036 seconds.
  path: Assets/AssetsStore/Simple Fantasy GUI/PNG/Inventory/Money_Bar.png
  artifactKey: Guid(c7af4caf86986a24d89b41c984aa68d3) Importer(815301076,1909f56bfc062723c751e8b465ee728b)
Start importing Assets/AssetsStore/Simple Fantasy GUI/PNG/Inventory/Money_Bar.png using Guid(c7af4caf86986a24d89b41c984aa68d3) Importer(815301076,1909f56bfc062723c751e8b465ee728b)  -> (artifact id: 'fc4af672923310ca7f674952be4d377e') in 0.021625 seconds 
========================================================================
Received Import Request.
  Time since last request: 0.000041 seconds.
  path: Assets/AssetsStore/GUI CARTOON/TEXTURE/Buttons/NavyBlue/NEXT-NAVYBLUE.png
  artifactKey: Guid(6471abc641a13c247b009fbec33fff41) Importer(815301076,1909f56bfc062723c751e8b465ee728b)
Start importing Assets/AssetsStore/GUI CARTOON/TEXTURE/Buttons/NavyBlue/NEXT-NAVYBLUE.png using Guid(6471abc641a13c247b009fbec33fff41) Importer(815301076,1909f56bfc062723c751e8b465ee728b)  -> (artifact id: '79580bcd3092b19a0394227e5908a7e3') in 0.027171 seconds 
========================================================================
Received Import Request.
  Time since last request: 0.000032 seconds.
  path: Assets/AssetsStore/Simple Fantasy GUI/PNG/Menu Panel/Menu_Box.png
  artifactKey: Guid(5b0afe43a1982124fb85c8003a2dea2b) Importer(815301076,1909f56bfc062723c751e8b465ee728b)
Start importing Assets/AssetsStore/Simple Fantasy GUI/PNG/Menu Panel/Menu_Box.png using Guid(5b0afe43a1982124fb85c8003a2dea2b) Importer(815301076,1909f56bfc062723c751e8b465ee728b)  -> (artifact id: '0dc0bfea04a74c92333ce3388f5ac673') in 0.034547 seconds 
========================================================================
Received Import Request.
  Time since last request: 0.000020 seconds.
  path: Assets/AssetsStore/GUI CARTOON/TEXTURE/Buttons/Blue/MENU-BLUE.png
  artifactKey: Guid(2df6ff3a11fc94e45977f95e32813f13) Importer(815301076,1909f56bfc062723c751e8b465ee728b)
Start importing Assets/AssetsStore/GUI CARTOON/TEXTURE/Buttons/Blue/MENU-BLUE.png using Guid(2df6ff3a11fc94e45977f95e32813f13) Importer(815301076,1909f56bfc062723c751e8b465ee728b)  -> (artifact id: '59045bd10232c5c5b71a5e8f57b079d2') in 0.027333 seconds 
========================================================================
Received Import Request.
  Time since last request: 0.000033 seconds.
  path: Assets/AssetsStore/GUI CARTOON/TEXTURE/Buttons/NavyBlue/MENU-NAVYBLUE.png
  artifactKey: Guid(98b1ba85176775b4bbdbefe40926a544) Importer(815301076,1909f56bfc062723c751e8b465ee728b)
Start importing Assets/AssetsStore/GUI CARTOON/TEXTURE/Buttons/NavyBlue/MENU-NAVYBLUE.png using Guid(98b1ba85176775b4bbdbefe40926a544) Importer(815301076,1909f56bfc062723c751e8b465ee728b)  -> (artifact id: 'a8f44d22b7e870a601877fcbefefefcc') in 0.025530 seconds 
========================================================================
Received Import Request.
  Time since last request: 0.000022 seconds.
  path: Assets/AssetsStore/Simple Fantasy GUI/PNG/Login Panel/LoginButton_Hover.png
  artifactKey: Guid(11068e6cb0f18044e93ad0154715d958) Importer(815301076,1909f56bfc062723c751e8b465ee728b)
Start importing Assets/AssetsStore/Simple Fantasy GUI/PNG/Login Panel/LoginButton_Hover.png using Guid(11068e6cb0f18044e93ad0154715d958) Importer(815301076,1909f56bfc062723c751e8b465ee728b)  -> (artifact id: '320804e38329b506a7980ef04120b327') in 0.021628 seconds 
========================================================================
Received Import Request.
  Time since last request: 0.000027 seconds.
  path: Assets/AssetsStore/Simple Fantasy GUI/PNG/Login Panel/LoginButton.png
  artifactKey: Guid(a10be1c4d44d5e447bf2917dbeb8f2b8) Importer(815301076,1909f56bfc062723c751e8b465ee728b)
Start importing Assets/AssetsStore/Simple Fantasy GUI/PNG/Login Panel/LoginButton.png using Guid(a10be1c4d44d5e447bf2917dbeb8f2b8) Importer(815301076,1909f56bfc062723c751e8b465ee728b)  -> (artifact id: '0bc1b01b3d9cab880d0c046251bd80e3') in 0.021586 seconds 
========================================================================
Received Import Request.
  Time since last request: 0.000026 seconds.
  path: Assets/AssetsStore/Simple Fantasy GUI/PNG/Login Panel/LoginPassword_Box.png
  artifactKey: Guid(19c4df2c9c38ace4fbf0731a1dbe0527) Importer(815301076,1909f56bfc062723c751e8b465ee728b)
Start importing Assets/AssetsStore/Simple Fantasy GUI/PNG/Login Panel/LoginPassword_Box.png using Guid(19c4df2c9c38ace4fbf0731a1dbe0527) Importer(815301076,1909f56bfc062723c751e8b465ee728b)  -> (artifact id: '7afe786d8bf82462ad7b749fd0da343c') in 0.023900 seconds 
Editor requested this worker to shutdown with reason: Scaling down because of idle timeout
AssetImportWorker is now disconnected from the server
Process exiting
Exiting without the bug reporter. Application will terminate with return code 0