Using pre-set license
Built from '2022.1/staging' branch; Version is '2022.1.6f1 (e49a51cf6290) revision 14981713'; Using compiler version '192829333'; Build Type 'Release'
OS: 'Windows 10  (10.0.19045) 64bit Professional' Language: 'ru' Physical Memory: 16335 MB
BatchMode: 1, IsHumanControllingUs: 0, StartBugReporterOnCrash: 0, Is64bit: 1, IsPro: 1

COMMAND LINE ARGUMENTS:
C:\Program Files\Unity\Hub\Editor\2022.1.6f1\Editor\Unity.exe
-adb2
-batchMode
-noUpm
-name
AssetImportWorker4
-projectPath
X:/GitHub/Unity_Pencil-Project/Unity_Pencil Project
-logFile
Logs/AssetImportWorker4.log
-srvPort
51520
Successfully changed project path to: X:/GitHub/Unity_Pencil-Project/Unity_Pencil Project
X:/GitHub/Unity_Pencil-Project/Unity_Pencil Project
[UnityMemory] Configuration Parameters - Can be set up in boot.config
    "memorysetup-bucket-allocator-granularity=16"
    "memorysetup-bucket-allocator-bucket-count=8"
    "memorysetup-bucket-allocator-block-size=33554432"
    "memorysetup-bucket-allocator-block-count=8"
    "memorysetup-main-allocator-block-size=16777216"
    "memorysetup-thread-allocator-block-size=16777216"
    "memorysetup-gfx-main-allocator-block-size=16777216"
    "memorysetup-gfx-thread-allocator-block-size=16777216"
    "memorysetup-cache-allocator-block-size=4194304"
    "memorysetup-typetree-allocator-block-size=2097152"
    "memorysetup-profiler-bucket-allocator-granularity=16"
    "memorysetup-profiler-bucket-allocator-bucket-count=8"
    "memorysetup-profiler-bucket-allocator-block-size=33554432"
    "memorysetup-profiler-bucket-allocator-block-count=8"
    "memorysetup-profiler-allocator-block-size=16777216"
    "memorysetup-profiler-editor-allocator-block-size=1048576"
    "memorysetup-temp-allocator-size-main=16777216"
    "memorysetup-job-temp-allocator-block-size=2097152"
    "memorysetup-job-temp-allocator-block-size-background=1048576"
    "memorysetup-job-temp-allocator-reduction-small-platforms=262144"
    "memorysetup-temp-allocator-size-background-worker=32768"
    "memorysetup-temp-allocator-size-job-worker=262144"
    "memorysetup-temp-allocator-size-preload-manager=33554432"
    "memorysetup-temp-allocator-size-nav-mesh-worker=65536"
    "memorysetup-temp-allocator-size-audio-worker=65536"
    "memorysetup-temp-allocator-size-cloud-worker=32768"
    "memorysetup-temp-allocator-size-gi-baking-worker=262144"
    "memorysetup-temp-allocator-size-gfx=262144"
Refreshing native plugins compatible for Editor in 126.59 ms, found 3 plugins.
Preloading 0 native plugins for Editor in 0.00 ms.
Initialize engine version: 2022.1.6f1 (e49a51cf6290)
[Subsystems] Discovering subsystems at path C:/Program Files/Unity/Hub/Editor/2022.1.6f1/Editor/Data/Resources/UnitySubsystems
[Subsystems] Discovering subsystems at path X:/GitHub/Unity_Pencil-Project/Unity_Pencil Project/Assets
GfxDevice: creating device client; threaded=0; jobified=0
Direct3D:
    Version:  Direct3D 11.0 [level 11.1]
    Renderer: Radeon RX 580 Series (ID=0x67df)
    Vendor:   ATI
    VRAM:     8135 MB
    Driver:   31.0.14057.5006
Initialize mono
Mono path[0] = 'C:/Program Files/Unity/Hub/Editor/2022.1.6f1/Editor/Data/Managed'
Mono path[1] = 'C:/Program Files/Unity/Hub/Editor/2022.1.6f1/Editor/Data/MonoBleedingEdge/lib/mono/unityjit-win32'
Mono config path = 'C:/Program Files/Unity/Hub/Editor/2022.1.6f1/Editor/Data/MonoBleedingEdge/etc'
Using monoOptions --debugger-agent=transport=dt_socket,embedding=1,server=y,suspend=n,address=127.0.0.1:56480
Begin MonoManager ReloadAssembly
Registering precompiled unity dll's ...
Register platform support module: C:/Program Files/Unity/Hub/Editor/2022.1.6f1/Editor/Data/PlaybackEngines/WebGLSupport/UnityEditor.WebGL.Extensions.dll
Register platform support module: C:/Program Files/Unity/Hub/Editor/2022.1.6f1/Editor/Data/PlaybackEngines/AndroidPlayer/UnityEditor.Android.Extensions.dll
Register platform support module: C:/Program Files/Unity/Hub/Editor/2022.1.6f1/Editor/Data/PlaybackEngines/WindowsStandaloneSupport/UnityEditor.WindowsStandalone.Extensions.dll
Registered in 0.012365 seconds.
Native extension for WindowsStandalone target not found
Native extension for Android target not found
Native extension for WebGL target not found
Refreshing native plugins compatible for Editor in 125.24 ms, found 3 plugins.
Preloading 0 native plugins for Editor in 0.00 ms.
Mono: successfully reloaded assembly
- Completed reload, in  0.790 seconds
Domain Reload Profiling:
	ReloadAssembly (791ms)
		BeginReloadAssembly (91ms)
			ExecutionOrderSort (0ms)
			DisableScriptedObjects (0ms)
			BackupInstance (0ms)
			ReleaseScriptingObjects (0ms)
			CreateAndSetChildDomain (1ms)
		EndReloadAssembly (559ms)
			LoadAssemblies (89ms)
			RebuildTransferFunctionScriptingTraits (0ms)
			SetupTypeCache (120ms)
				TypeCache.Initialize (119ms)
					TypeCache.ScanAssembly (118ms)
				ResolveRequiredComponents (1ms)
			ReleaseScriptCaches (0ms)
			RebuildScriptCaches (29ms)
			SetupLoadedEditorAssemblies (352ms)
				LogAssemblyErrors (0ms)
				InitializePlatformSupportModulesInManaged (61ms)
				SetLoadedEditorAssemblies (9ms)
				RefreshPlugins (125ms)
				BeforeProcessingInitializeOnLoad (1ms)
				ProcessInitializeOnLoadAttributes (111ms)
				ProcessInitializeOnLoadMethodAttributes (44ms)
				AfterProcessingInitializeOnLoad (0ms)
				EditorAssembliesLoaded (0ms)
			ExecutionOrderSort2 (0ms)
			AwakeInstancesAfterBackupRestoration (0ms)
Platform modules already initialized, skipping
Registering precompiled user dll's ...
Registered in 0.006430 seconds.
Begin MonoManager ReloadAssembly
Symbol file LoadedFromMemory doesn't match image X:\GitHub\Unity_Pencil-Project\Unity_Pencil Project\Library\PackageCache\com.unity.visualscripting@1.7.8\Editor\VisualScripting.Core\Dependencies\YamlDotNet\Unity.VisualScripting.YamlDotNet.dll
Symbol file LoadedFromMemory doesn't match image X:\GitHub\Unity_Pencil-Project\Unity_Pencil Project\Library\PackageCache\com.unity.visualscripting@1.7.8\Editor\VisualScripting.Core\Dependencies\DotNetZip\Unity.VisualScripting.IonicZip.dll
Native extension for WindowsStandalone target not found
Native extension for Android target not found
Native extension for WebGL target not found
Refreshing native plugins compatible for Editor in 126.67 ms, found 3 plugins.
Preloading 0 native plugins for Editor in 0.00 ms.
Mono: successfully reloaded assembly
- Completed reload, in  1.549 seconds
Domain Reload Profiling:
	ReloadAssembly (1550ms)
		BeginReloadAssembly (227ms)
			ExecutionOrderSort (0ms)
			DisableScriptedObjects (6ms)
			BackupInstance (0ms)
			ReleaseScriptingObjects (0ms)
			CreateAndSetChildDomain (116ms)
		EndReloadAssembly (1189ms)
			LoadAssemblies (102ms)
			RebuildTransferFunctionScriptingTraits (0ms)
			SetupTypeCache (295ms)
				TypeCache.Initialize (281ms)
					TypeCache.ScanAssembly (277ms)
				ResolveRequiredComponents (13ms)
			ReleaseScriptCaches (1ms)
			RebuildScriptCaches (76ms)
			SetupLoadedEditorAssemblies (671ms)
				LogAssemblyErrors (0ms)
				InitializePlatformSupportModulesInManaged (17ms)
				SetLoadedEditorAssemblies (6ms)
				RefreshPlugins (127ms)
				BeforeProcessingInitializeOnLoad (113ms)
				ProcessInitializeOnLoadAttributes (310ms)
				ProcessInitializeOnLoadMethodAttributes (87ms)
				AfterProcessingInitializeOnLoad (12ms)
				EditorAssembliesLoaded (0ms)
			ExecutionOrderSort2 (0ms)
			AwakeInstancesAfterBackupRestoration (5ms)
Platform modules already initialized, skipping
========================================================================
Worker process is ready to serve import requests
Launched and connected shader compiler UnityShaderCompiler.exe after 0.04 seconds
Refreshing native plugins compatible for Editor in 0.96 ms, found 3 plugins.
Preloading 0 native plugins for Editor in 0.00 ms.
Unloading 5437 Unused Serialized files (Serialized files now loaded: 0)
Unloading 43 unused Assets / (389.6 KB). Loaded Objects now: 5916.
Memory consumption went from 0.86 GB to 0.86 GB.
Total: 3.795100 ms (FindLiveObjects: 0.432900 ms CreateObjectMapping: 0.138500 ms MarkObjects: 3.135100 ms  DeleteObjects: 0.087600 ms)

AssetImportParameters requested are different than current active one (requested -> active):
  custom:video-decoder-ogg-theora: a1e56fd34408186e4bbccfd4996cb3dc -> 
  custom:container-muxer-webm: aa71ff27fc2769a1b78a27578f13a17b -> 
  custom:container-demuxer-webm: 4f35f7cbe854078d1ac9338744f61a02 -> 
  custom:video-encoder-webm-vp8: eb34c28f22e8b96e1ab97ce403110664 -> 
  custom:audio-encoder-webm-vorbis: bf7c407c2cedff20999df2af8eb42d56 -> 
  custom:framework-win-MediaFoundation: 216162199b28c13a410421893ffa2e32 -> 
  custom:container-demuxer-ogg: 62fdf1f143b41e24485cea50d1cbac27 -> 
  custom:video-decoder-webm-vp8: 9c59270c3fd7afecdb556c50c9e8de78 -> 
  custom:audio-decoder-ogg-vorbis: bf7c407c2cedff20999df2af8eb42d56 -> 
========================================================================
Received Import Request.
  Time since last request: 28406.131345 seconds.
  path: Assets/AssetsStore/Simple Fantasy GUI/PNG/Character Bar/CharacterDemo.png
  artifactKey: Guid(dbf0b0525645e10428174d35b68acc83) Importer(815301076,1909f56bfc062723c751e8b465ee728b)
Start importing Assets/AssetsStore/Simple Fantasy GUI/PNG/Character Bar/CharacterDemo.png using Guid(dbf0b0525645e10428174d35b68acc83) Importer(815301076,1909f56bfc062723c751e8b465ee728b)  -> (artifact id: '5385f4a4628f1619716dcf289954892c') in 0.141711 seconds 
========================================================================
Received Import Request.
  Time since last request: 1.331792 seconds.
  path: Assets/AssetsStore/Simple Fantasy GUI/PNG/Character Panel/Eq_Slot.png
  artifactKey: Guid(03435f376320d0e418058b601acc79fd) Importer(815301076,1909f56bfc062723c751e8b465ee728b)
Start importing Assets/AssetsStore/Simple Fantasy GUI/PNG/Character Panel/Eq_Slot.png using Guid(03435f376320d0e418058b601acc79fd) Importer(815301076,1909f56bfc062723c751e8b465ee728b)  -> (artifact id: '5eadf5b13a3a9230038e6ea58e2c0dcf') in 0.023455 seconds 
========================================================================
Received Import Request.
  Time since last request: 0.000028 seconds.
  path: Assets/AssetsStore/GUI CARTOON/TEXTURE/Buttons/Orange/HELP-ORANGE.png
  artifactKey: Guid(50c8cccdf6e4da8429a1113990c65f01) Importer(815301076,1909f56bfc062723c751e8b465ee728b)
Start importing Assets/AssetsStore/GUI CARTOON/TEXTURE/Buttons/Orange/HELP-ORANGE.png using Guid(50c8cccdf6e4da8429a1113990c65f01) Importer(815301076,1909f56bfc062723c751e8b465ee728b)  -> (artifact id: '18bbd1f28da66ad92b698f66f4555fa1') in 0.031061 seconds 
========================================================================
Received Import Request.
  Time since last request: 0.000026 seconds.
  path: Assets/AssetsStore/GUI CARTOON/TEXTURE/Buttons/Yellow/HELP-YELLOW.png
  artifactKey: Guid(598f825bc3a696548ba6c80ab4e6d025) Importer(815301076,1909f56bfc062723c751e8b465ee728b)
Start importing Assets/AssetsStore/GUI CARTOON/TEXTURE/Buttons/Yellow/HELP-YELLOW.png using Guid(598f825bc3a696548ba6c80ab4e6d025) Importer(815301076,1909f56bfc062723c751e8b465ee728b)  -> (artifact id: '0eeb2cb297152f8cc45563e8a35b22c3') in 0.023570 seconds 
========================================================================
Received Import Request.
  Time since last request: 0.000040 seconds.
  path: Assets/AssetsStore/GUI CARTOON/TEXTURE/Buttons/Purple/HELP-PURPLE.png
  artifactKey: Guid(2cd4110b70b0c034c8bd7161d20f7523) Importer(815301076,1909f56bfc062723c751e8b465ee728b)
Start importing Assets/AssetsStore/GUI CARTOON/TEXTURE/Buttons/Purple/HELP-PURPLE.png using Guid(2cd4110b70b0c034c8bd7161d20f7523) Importer(815301076,1909f56bfc062723c751e8b465ee728b)  -> (artifact id: '894448527e862842c7c77854b80ddec1') in 0.027055 seconds 
========================================================================
Received Import Request.
  Time since last request: 7.667130 seconds.
  path: Assets/AssetsStore/Simple Fantasy GUI/PNG/Loading Bar/LoadingDemo.png
  artifactKey: Guid(3337066f7ea9437419b50a86e0fb6ddd) Importer(815301076,1909f56bfc062723c751e8b465ee728b)
Start importing Assets/AssetsStore/Simple Fantasy GUI/PNG/Loading Bar/LoadingDemo.png using Guid(3337066f7ea9437419b50a86e0fb6ddd) Importer(815301076,1909f56bfc062723c751e8b465ee728b)  -> (artifact id: '016b6011ccf0be1217b06a6cd5374d0f') in 0.063939 seconds 
========================================================================
Received Import Request.
  Time since last request: 0.000033 seconds.
  path: Assets/AssetsStore/GUI CARTOON/TEXTURE/Icon/MENU.png
  artifactKey: Guid(a4ca7a355e65b0a48825a3562b810e12) Importer(815301076,1909f56bfc062723c751e8b465ee728b)
Start importing Assets/AssetsStore/GUI CARTOON/TEXTURE/Icon/MENU.png using Guid(a4ca7a355e65b0a48825a3562b810e12) Importer(815301076,1909f56bfc062723c751e8b465ee728b)  -> (artifact id: 'dc549cbb1917e626fd6ee846f8f2509c') in 0.022775 seconds 
========================================================================
Received Import Request.
  Time since last request: 0.000026 seconds.
  path: Assets/AssetsStore/GUI CARTOON/TEXTURE/Buttons/Yellow/MENU-YELLOW.png
  artifactKey: Guid(dc7f18fb7c406bd429545780652aa7ff) Importer(815301076,1909f56bfc062723c751e8b465ee728b)
Start importing Assets/AssetsStore/GUI CARTOON/TEXTURE/Buttons/Yellow/MENU-YELLOW.png using Guid(dc7f18fb7c406bd429545780652aa7ff) Importer(815301076,1909f56bfc062723c751e8b465ee728b)  -> (artifact id: '441b3ae7ea6e9851eae977793aeb9951') in 0.025845 seconds 
========================================================================
Received Import Request.
  Time since last request: 0.000023 seconds.
  path: Assets/AssetsStore/GUI CARTOON/TEXTURE/Buttons/Lavender/MENU-PINK.png
  artifactKey: Guid(68b7ea4a570339542ab339e2b03e0b09) Importer(815301076,1909f56bfc062723c751e8b465ee728b)
Start importing Assets/AssetsStore/GUI CARTOON/TEXTURE/Buttons/Lavender/MENU-PINK.png using Guid(68b7ea4a570339542ab339e2b03e0b09) Importer(815301076,1909f56bfc062723c751e8b465ee728b)  -> (artifact id: '12e937fbbab36b416f0ee051de92cebc') in 0.025688 seconds 
========================================================================
Received Import Request.
  Time since last request: 0.000031 seconds.
  path: Assets/AssetsStore/Simple Fantasy GUI/PNG/Menu Panel/MenuDemo.png
  artifactKey: Guid(c2aa7972cb52add4ab1b066df73161c6) Importer(815301076,1909f56bfc062723c751e8b465ee728b)
Start importing Assets/AssetsStore/Simple Fantasy GUI/PNG/Menu Panel/MenuDemo.png using Guid(c2aa7972cb52add4ab1b066df73161c6) Importer(815301076,1909f56bfc062723c751e8b465ee728b)  -> (artifact id: '9b41d5002fcdb3c81e08e46e3fa0b3e3') in 0.033199 seconds 
========================================================================
Received Import Request.
  Time since last request: 2.668214 seconds.
  path: Assets/AssetsStore/Simple Fantasy GUI/PNG/Character Panel/Minus_Icon.png
  artifactKey: Guid(47e51aa03c8cd16448f9cba068b87887) Importer(815301076,1909f56bfc062723c751e8b465ee728b)
Start importing Assets/AssetsStore/Simple Fantasy GUI/PNG/Character Panel/Minus_Icon.png using Guid(47e51aa03c8cd16448f9cba068b87887) Importer(815301076,1909f56bfc062723c751e8b465ee728b)  -> (artifact id: '12cdee32d60f557d1ac961399c32f091') in 0.024060 seconds 
========================================================================
Received Import Request.
  Time since last request: 0.000022 seconds.
  path: Assets/AssetsStore/GUI CARTOON/TEXTURE/Buttons/Purple/MORE-PURPLE.png
  artifactKey: Guid(8cd9a1520355bd34b9890d6697d6f445) Importer(815301076,1909f56bfc062723c751e8b465ee728b)
Start importing Assets/AssetsStore/GUI CARTOON/TEXTURE/Buttons/Purple/MORE-PURPLE.png using Guid(8cd9a1520355bd34b9890d6697d6f445) Importer(815301076,1909f56bfc062723c751e8b465ee728b)  -> (artifact id: '60803691fde40d8b945640dd587369c3') in 0.025967 seconds 
========================================================================
Received Import Request.
  Time since last request: 0.000025 seconds.
  path: Assets/AssetsStore/GUI CARTOON/TEXTURE/Buttons/Lavender/MORE-PINK.png
  artifactKey: Guid(626eadeafb9092c4092e08b65db360f1) Importer(815301076,1909f56bfc062723c751e8b465ee728b)
Start importing Assets/AssetsStore/GUI CARTOON/TEXTURE/Buttons/Lavender/MORE-PINK.png using Guid(626eadeafb9092c4092e08b65db360f1) Importer(815301076,1909f56bfc062723c751e8b465ee728b)  -> (artifact id: 'd7864b91e8fbf1f30ec946a8d0e45286') in 0.024838 seconds 
========================================================================
Received Import Request.
  Time since last request: 0.000024 seconds.
  path: Assets/AssetsStore/Simple Fantasy GUI/PNG/Character Panel/Nickname_Slot.png
  artifactKey: Guid(4e919d44466f0624191cd947ff906d2a) Importer(815301076,1909f56bfc062723c751e8b465ee728b)
Start importing Assets/AssetsStore/Simple Fantasy GUI/PNG/Character Panel/Nickname_Slot.png using Guid(4e919d44466f0624191cd947ff906d2a) Importer(815301076,1909f56bfc062723c751e8b465ee728b)  -> (artifact id: '61faab9bf841f92aaa24e2a0260f7b42') in 0.027594 seconds 
========================================================================
Received Import Request.
  Time since last request: 0.000027 seconds.
  path: Assets/AssetsStore/GUI CARTOON/TEXTURE/Icon/NEXT.png
  artifactKey: Guid(da79b8a8aab0b6943bc5f43de1ddb063) Importer(815301076,1909f56bfc062723c751e8b465ee728b)
Start importing Assets/AssetsStore/GUI CARTOON/TEXTURE/Icon/NEXT.png using Guid(da79b8a8aab0b6943bc5f43de1ddb063) Importer(815301076,1909f56bfc062723c751e8b465ee728b)  -> (artifact id: '0fe6aa0e5bdaa4e440e70ae82dfbad86') in 0.025545 seconds 
========================================================================
Received Import Request.
  Time since last request: 0.000034 seconds.
  path: Assets/AssetsStore/GUI CARTOON/TEXTURE/Buttons/Pink/NONE-PINK.png
  artifactKey: Guid(77474df8bb4311549a992446d09a7bb8) Importer(815301076,1909f56bfc062723c751e8b465ee728b)
Start importing Assets/AssetsStore/GUI CARTOON/TEXTURE/Buttons/Pink/NONE-PINK.png using Guid(77474df8bb4311549a992446d09a7bb8) Importer(815301076,1909f56bfc062723c751e8b465ee728b)  -> (artifact id: '3879264ae7aef13976dc61559a59ce77') in 0.028319 seconds 
========================================================================
Received Import Request.
  Time since last request: 0.000037 seconds.
  path: Assets/AssetsStore/GUI CARTOON/TEXTURE/Buttons/Green/NONE-GREEN.png
  artifactKey: Guid(4478d3986372d454f9e559137bbafdca) Importer(815301076,1909f56bfc062723c751e8b465ee728b)
Start importing Assets/AssetsStore/GUI CARTOON/TEXTURE/Buttons/Green/NONE-GREEN.png using Guid(4478d3986372d454f9e559137bbafdca) Importer(815301076,1909f56bfc062723c751e8b465ee728b)  -> (artifact id: 'd7a15a1369766139b223d3d7525dbe33') in 0.026847 seconds 
========================================================================
Received Import Request.
  Time since last request: 0.000050 seconds.
  path: Assets/AssetsStore/GUI CARTOON/TEXTURE/Blocks/P-002.png
  artifactKey: Guid(f93c156ac1bb8d54a9d3b8415f6a6e63) Importer(815301076,1909f56bfc062723c751e8b465ee728b)
Start importing Assets/AssetsStore/GUI CARTOON/TEXTURE/Blocks/P-002.png using Guid(f93c156ac1bb8d54a9d3b8415f6a6e63) Importer(815301076,1909f56bfc062723c751e8b465ee728b)  -> (artifact id: '8b65c0d83d9a8fa25387f933f7811dd9') in 0.036478 seconds 
========================================================================
Received Import Request.
  Time since last request: 0.000098 seconds.
  path: Assets/AssetsStore/GUI CARTOON/TEXTURE/Buttons/Yellow/NEXT-YELLOW.png
  artifactKey: Guid(9dbd998e122174c42bc15a86e3a47c39) Importer(815301076,1909f56bfc062723c751e8b465ee728b)
Start importing Assets/AssetsStore/GUI CARTOON/TEXTURE/Buttons/Yellow/NEXT-YELLOW.png using Guid(9dbd998e122174c42bc15a86e3a47c39) Importer(815301076,1909f56bfc062723c751e8b465ee728b)  -> (artifact id: '6d6c34b0380a08007b796bf4de7e9813') in 0.025496 seconds 
========================================================================
Received Import Request.
  Time since last request: 0.000022 seconds.
  path: Assets/AssetsStore/GUI CARTOON/TEXTURE/Buttons/Pink/NEXT-PINK.png
  artifactKey: Guid(6c70588cf079e884eaa69af9531a3287) Importer(815301076,1909f56bfc062723c751e8b465ee728b)
Start importing Assets/AssetsStore/GUI CARTOON/TEXTURE/Buttons/Pink/NEXT-PINK.png using Guid(6c70588cf079e884eaa69af9531a3287) Importer(815301076,1909f56bfc062723c751e8b465ee728b)  -> (artifact id: '52862f485c71fb64a6677209f7042d65') in 0.022717 seconds 
========================================================================
Received Import Request.
  Time since last request: 0.455965 seconds.
  path: Assets/AssetsStore/GUI CARTOON/TEXTURE/Icon/PAUSE.png
  artifactKey: Guid(06c41f737a8e5b342acddfe5fac9c8b9) Importer(815301076,1909f56bfc062723c751e8b465ee728b)
Start importing Assets/AssetsStore/GUI CARTOON/TEXTURE/Icon/PAUSE.png using Guid(06c41f737a8e5b342acddfe5fac9c8b9) Importer(815301076,1909f56bfc062723c751e8b465ee728b)  -> (artifact id: '23a8e08ef7f1683fbf75539bbca71d6b') in 0.024054 seconds 
========================================================================
Received Import Request.
  Time since last request: 0.000030 seconds.
  path: Assets/AssetsStore/GUI CARTOON/TEXTURE/Buttons/Orange/PLAY-ORANGE.png
  artifactKey: Guid(9b9ed28e63dcdab459276d3ac5d77a45) Importer(815301076,1909f56bfc062723c751e8b465ee728b)
Start importing Assets/AssetsStore/GUI CARTOON/TEXTURE/Buttons/Orange/PLAY-ORANGE.png using Guid(9b9ed28e63dcdab459276d3ac5d77a45) Importer(815301076,1909f56bfc062723c751e8b465ee728b)  -> (artifact id: '0a6bf5510ba22ab7dc5b86ae224df090') in 0.024951 seconds 
========================================================================
Received Import Request.
  Time since last request: 0.000031 seconds.
  path: Assets/AssetsStore/GUI CARTOON/TEXTURE/Buttons/Yellow/PLAY-YELLOW.png
  artifactKey: Guid(c4a9e51ab8e1c4c4a9a985c7649a2729) Importer(815301076,1909f56bfc062723c751e8b465ee728b)
Start importing Assets/AssetsStore/GUI CARTOON/TEXTURE/Buttons/Yellow/PLAY-YELLOW.png using Guid(c4a9e51ab8e1c4c4a9a985c7649a2729) Importer(815301076,1909f56bfc062723c751e8b465ee728b)  -> (artifact id: '88bab72b7eca105f28ff725c74158142') in 0.025538 seconds 
========================================================================
Received Import Request.
  Time since last request: 0.000034 seconds.
  path: Assets/AssetsStore/GUI CARTOON/TEXTURE/Icon/PLAY.png
  artifactKey: Guid(83f745008b3aec249bd75f564a569457) Importer(815301076,1909f56bfc062723c751e8b465ee728b)
Start importing Assets/AssetsStore/GUI CARTOON/TEXTURE/Icon/PLAY.png using Guid(83f745008b3aec249bd75f564a569457) Importer(815301076,1909f56bfc062723c751e8b465ee728b)  -> (artifact id: '7d872ff6fb10def7f3db41c1746c0f6a') in 0.022499 seconds 
========================================================================
Received Import Request.
  Time since last request: 0.000035 seconds.
  path: Assets/AssetsStore/Simple Fantasy GUI/PNG/Character Panel/Plus_Icon.png
  artifactKey: Guid(108f3f0394e16fc4c8e7ee1db9e95935) Importer(815301076,1909f56bfc062723c751e8b465ee728b)
Start importing Assets/AssetsStore/Simple Fantasy GUI/PNG/Character Panel/Plus_Icon.png using Guid(108f3f0394e16fc4c8e7ee1db9e95935) Importer(815301076,1909f56bfc062723c751e8b465ee728b)  -> (artifact id: '3f7b1e500e084f75db3697a927243205') in 0.021024 seconds 
========================================================================
Received Import Request.
  Time since last request: 0.000030 seconds.
  path: Assets/AssetsStore/GUI CARTOON/TEXTURE/Buttons/Lavender/PLAY-PINK.png
  artifactKey: Guid(15c76944e20d9274fb06d2ddae0ea730) Importer(815301076,1909f56bfc062723c751e8b465ee728b)
Start importing Assets/AssetsStore/GUI CARTOON/TEXTURE/Buttons/Lavender/PLAY-PINK.png using Guid(15c76944e20d9274fb06d2ddae0ea730) Importer(815301076,1909f56bfc062723c751e8b465ee728b)  -> (artifact id: '0eb4b6dc83353d9ea961f64b72006c08') in 0.023133 seconds 
========================================================================
Received Import Request.
  Time since last request: 0.000025 seconds.
  path: Assets/AssetsStore/GUI CARTOON/TEXTURE/Buttons/Purple/PLAY-PURPLE.png
  artifactKey: Guid(7adbab857321bf944b35c766ad018f36) Importer(815301076,1909f56bfc062723c751e8b465ee728b)
Start importing Assets/AssetsStore/GUI CARTOON/TEXTURE/Buttons/Purple/PLAY-PURPLE.png using Guid(7adbab857321bf944b35c766ad018f36) Importer(815301076,1909f56bfc062723c751e8b465ee728b)  -> (artifact id: '765821b9a1fad1b41dfb0900cf1259fe') in 0.024768 seconds 
========================================================================
Received Import Request.
  Time since last request: 53.636848 seconds.
  path: Assets/AssetsStore/GUI CARTOON/TEXTURE/Items/I-003.png
  artifactKey: Guid(27988a24fa3fd9244bf417bbcd7e8a49) Importer(815301076,1909f56bfc062723c751e8b465ee728b)
Start importing Assets/AssetsStore/GUI CARTOON/TEXTURE/Items/I-003.png using Guid(27988a24fa3fd9244bf417bbcd7e8a49) Importer(815301076,1909f56bfc062723c751e8b465ee728b)  -> (artifact id: '86aac6a0bb6a43c88a690752e4b6f2f1') in 0.019450 seconds 
========================================================================
Received Import Request.
  Time since last request: 110.185952 seconds.
  path: Assets/AssetsStore/Simple Fantasy GUI/PNG/Menu Panel/Button.png
  artifactKey: Guid(26d2e70834704ab4caaa1bcabebb3873) Importer(815301076,1909f56bfc062723c751e8b465ee728b)
Start importing Assets/AssetsStore/Simple Fantasy GUI/PNG/Menu Panel/Button.png using Guid(26d2e70834704ab4caaa1bcabebb3873) Importer(815301076,1909f56bfc062723c751e8b465ee728b)  -> (artifact id: '6f04077ec1da5b08c5cf0598ed2dba63') in 0.012551 seconds 
========================================================================
Received Import Request.
  Time since last request: 22.964317 seconds.
  path: Assets/AssetsStore/Simple Fantasy GUI/PNG/Menu Panel/Button.png
  artifactKey: Guid(26d2e70834704ab4caaa1bcabebb3873) Importer(815301076,1909f56bfc062723c751e8b465ee728b)
Start importing Assets/AssetsStore/Simple Fantasy GUI/PNG/Menu Panel/Button.png using Guid(26d2e70834704ab4caaa1bcabebb3873) Importer(815301076,1909f56bfc062723c751e8b465ee728b)  -> (artifact id: '4ce97db8fe9ea8290904bdd8166f1f44') in 0.011142 seconds 
========================================================================
Received Import Request.
  Time since last request: 546.851478 seconds.
  path: Assets/Resources/UI/Shop_Item.prefab
  artifactKey: Guid(374e3877aa7cb30409f849bfbf77fe19) Importer(815301076,1909f56bfc062723c751e8b465ee728b)
Start importing Assets/Resources/UI/Shop_Item.prefab using Guid(374e3877aa7cb30409f849bfbf77fe19) Importer(815301076,1909f56bfc062723c751e8b465ee728b)  -> (artifact id: 'e8dcd0809f44a7d8a9888b0ef049cc23') in 0.063627 seconds 
========================================================================
Received Prepare
Registering precompiled user dll's ...
Registered in 0.005990 seconds.
Begin MonoManager ReloadAssembly
Symbol file LoadedFromMemory doesn't match image X:\GitHub\Unity_Pencil-Project\Unity_Pencil Project\Library\PackageCache\com.unity.visualscripting@1.7.8\Editor\VisualScripting.Core\Dependencies\YamlDotNet\Unity.VisualScripting.YamlDotNet.dll
Symbol file LoadedFromMemory doesn't match image X:\GitHub\Unity_Pencil-Project\Unity_Pencil Project\Library\PackageCache\com.unity.visualscripting@1.7.8\Editor\VisualScripting.Core\Dependencies\DotNetZip\Unity.VisualScripting.IonicZip.dll
Native extension for WindowsStandalone target not found
Native extension for Android target not found
Native extension for WebGL target not found
Refreshing native plugins compatible for Editor in 1.13 ms, found 3 plugins.
Preloading 0 native plugins for Editor in 0.00 ms.
Mono: successfully reloaded assembly
- Completed reload, in  1.346 seconds
Domain Reload Profiling:
	ReloadAssembly (1346ms)
		BeginReloadAssembly (152ms)
			ExecutionOrderSort (0ms)
			DisableScriptedObjects (5ms)
			BackupInstance (0ms)
			ReleaseScriptingObjects (0ms)
			CreateAndSetChildDomain (40ms)
		EndReloadAssembly (1081ms)
			LoadAssemblies (111ms)
			RebuildTransferFunctionScriptingTraits (0ms)
			SetupTypeCache (291ms)
				TypeCache.Initialize (278ms)
					TypeCache.ScanAssembly (272ms)
				ResolveRequiredComponents (13ms)
			ReleaseScriptCaches (2ms)
			RebuildScriptCaches (50ms)
			SetupLoadedEditorAssemblies (571ms)
				LogAssemblyErrors (0ms)
				InitializePlatformSupportModulesInManaged (27ms)
				SetLoadedEditorAssemblies (8ms)
				RefreshPlugins (1ms)
				BeforeProcessingInitializeOnLoad (91ms)
				ProcessInitializeOnLoadAttributes (327ms)
				ProcessInitializeOnLoadMethodAttributes (102ms)
				AfterProcessingInitializeOnLoad (15ms)
				EditorAssembliesLoaded (0ms)
			ExecutionOrderSort2 (0ms)
			AwakeInstancesAfterBackupRestoration (17ms)
Platform modules already initialized, skipping
Refreshing native plugins compatible for Editor in 3.05 ms, found 3 plugins.
Preloading 0 native plugins for Editor in 0.00 ms.
Unloading 5282 Unused Serialized files (Serialized files now loaded: 0)
Unloading 25 unused Assets / (380.6 KB). Loaded Objects now: 5959.
Memory consumption went from 0.83 GB to 0.83 GB.
Total: 4.327500 ms (FindLiveObjects: 0.420700 ms CreateObjectMapping: 0.217800 ms MarkObjects: 3.572800 ms  DeleteObjects: 0.114800 ms)

AssetImportParameters requested are different than current active one (requested -> active):
  custom:video-decoder-ogg-theora: a1e56fd34408186e4bbccfd4996cb3dc -> 
  custom:container-muxer-webm: aa71ff27fc2769a1b78a27578f13a17b -> 
  custom:container-demuxer-webm: 4f35f7cbe854078d1ac9338744f61a02 -> 
  custom:video-encoder-webm-vp8: eb34c28f22e8b96e1ab97ce403110664 -> 
  custom:audio-encoder-webm-vorbis: bf7c407c2cedff20999df2af8eb42d56 -> 
  custom:framework-win-MediaFoundation: 216162199b28c13a410421893ffa2e32 -> 
  custom:container-demuxer-ogg: 62fdf1f143b41e24485cea50d1cbac27 -> 
  custom:video-decoder-webm-vp8: 9c59270c3fd7afecdb556c50c9e8de78 -> 
  custom:audio-decoder-ogg-vorbis: bf7c407c2cedff20999df2af8eb42d56 -> 
========================================================================
Received Prepare
Registering precompiled user dll's ...
Registered in 0.005995 seconds.
Begin MonoManager ReloadAssembly
Symbol file LoadedFromMemory doesn't match image X:\GitHub\Unity_Pencil-Project\Unity_Pencil Project\Library\PackageCache\com.unity.visualscripting@1.7.8\Editor\VisualScripting.Core\Dependencies\YamlDotNet\Unity.VisualScripting.YamlDotNet.dll
Symbol file LoadedFromMemory doesn't match image X:\GitHub\Unity_Pencil-Project\Unity_Pencil Project\Library\PackageCache\com.unity.visualscripting@1.7.8\Editor\VisualScripting.Core\Dependencies\DotNetZip\Unity.VisualScripting.IonicZip.dll
Native extension for WindowsStandalone target not found
Native extension for Android target not found
Native extension for WebGL target not found
Refreshing native plugins compatible for Editor in 1.10 ms, found 3 plugins.
Preloading 0 native plugins for Editor in 0.00 ms.
Mono: successfully reloaded assembly
- Completed reload, in  1.357 seconds
Domain Reload Profiling:
	ReloadAssembly (1358ms)
		BeginReloadAssembly (147ms)
			ExecutionOrderSort (0ms)
			DisableScriptedObjects (5ms)
			BackupInstance (0ms)
			ReleaseScriptingObjects (0ms)
			CreateAndSetChildDomain (40ms)
		EndReloadAssembly (1100ms)
			LoadAssemblies (107ms)
			RebuildTransferFunctionScriptingTraits (0ms)
			SetupTypeCache (291ms)
				TypeCache.Initialize (276ms)
					TypeCache.ScanAssembly (270ms)
				ResolveRequiredComponents (15ms)
			ReleaseScriptCaches (2ms)
			RebuildScriptCaches (62ms)
			SetupLoadedEditorAssemblies (560ms)
				LogAssemblyErrors (0ms)
				InitializePlatformSupportModulesInManaged (32ms)
				SetLoadedEditorAssemblies (9ms)
				RefreshPlugins (1ms)
				BeforeProcessingInitializeOnLoad (94ms)
				ProcessInitializeOnLoadAttributes (323ms)
				ProcessInitializeOnLoadMethodAttributes (89ms)
				AfterProcessingInitializeOnLoad (12ms)
				EditorAssembliesLoaded (0ms)
			ExecutionOrderSort2 (0ms)
			AwakeInstancesAfterBackupRestoration (16ms)
Platform modules already initialized, skipping
Refreshing native plugins compatible for Editor in 3.06 ms, found 3 plugins.
Preloading 0 native plugins for Editor in 0.00 ms.
Unloading 5282 Unused Serialized files (Serialized files now loaded: 0)
Unloading 25 unused Assets / (380.6 KB). Loaded Objects now: 5975.
Memory consumption went from 0.83 GB to 0.83 GB.
Total: 4.747100 ms (FindLiveObjects: 0.428400 ms CreateObjectMapping: 0.333000 ms MarkObjects: 3.873000 ms  DeleteObjects: 0.111500 ms)

AssetImportParameters requested are different than current active one (requested -> active):
  custom:video-decoder-ogg-theora: a1e56fd34408186e4bbccfd4996cb3dc -> 
  custom:container-muxer-webm: aa71ff27fc2769a1b78a27578f13a17b -> 
  custom:container-demuxer-webm: 4f35f7cbe854078d1ac9338744f61a02 -> 
  custom:video-encoder-webm-vp8: eb34c28f22e8b96e1ab97ce403110664 -> 
  custom:audio-encoder-webm-vorbis: bf7c407c2cedff20999df2af8eb42d56 -> 
  custom:framework-win-MediaFoundation: 216162199b28c13a410421893ffa2e32 -> 
  custom:container-demuxer-ogg: 62fdf1f143b41e24485cea50d1cbac27 -> 
  custom:video-decoder-webm-vp8: 9c59270c3fd7afecdb556c50c9e8de78 -> 
  custom:audio-decoder-ogg-vorbis: bf7c407c2cedff20999df2af8eb42d56 -> 
========================================================================
Received Prepare
Registering precompiled user dll's ...
Registered in 0.006046 seconds.
Begin MonoManager ReloadAssembly
Symbol file LoadedFromMemory doesn't match image X:\GitHub\Unity_Pencil-Project\Unity_Pencil Project\Library\PackageCache\com.unity.visualscripting@1.7.8\Editor\VisualScripting.Core\Dependencies\YamlDotNet\Unity.VisualScripting.YamlDotNet.dll
Symbol file LoadedFromMemory doesn't match image X:\GitHub\Unity_Pencil-Project\Unity_Pencil Project\Library\PackageCache\com.unity.visualscripting@1.7.8\Editor\VisualScripting.Core\Dependencies\DotNetZip\Unity.VisualScripting.IonicZip.dll
Native extension for WindowsStandalone target not found
Native extension for Android target not found
Native extension for WebGL target not found
Refreshing native plugins compatible for Editor in 1.19 ms, found 3 plugins.
Preloading 0 native plugins for Editor in 0.00 ms.
Mono: successfully reloaded assembly
- Completed reload, in  1.385 seconds
Domain Reload Profiling:
	ReloadAssembly (1385ms)
		BeginReloadAssembly (147ms)
			ExecutionOrderSort (0ms)
			DisableScriptedObjects (6ms)
			BackupInstance (0ms)
			ReleaseScriptingObjects (0ms)
			CreateAndSetChildDomain (40ms)
		EndReloadAssembly (1128ms)
			LoadAssemblies (105ms)
			RebuildTransferFunctionScriptingTraits (0ms)
			SetupTypeCache (309ms)
				TypeCache.Initialize (291ms)
					TypeCache.ScanAssembly (285ms)
				ResolveRequiredComponents (18ms)
			ReleaseScriptCaches (2ms)
			RebuildScriptCaches (55ms)
			SetupLoadedEditorAssemblies (585ms)
				LogAssemblyErrors (0ms)
				InitializePlatformSupportModulesInManaged (30ms)
				SetLoadedEditorAssemblies (9ms)
				RefreshPlugins (1ms)
				BeforeProcessingInitializeOnLoad (96ms)
				ProcessInitializeOnLoadAttributes (325ms)
				ProcessInitializeOnLoadMethodAttributes (106ms)
				AfterProcessingInitializeOnLoad (18ms)
				EditorAssembliesLoaded (0ms)
			ExecutionOrderSort2 (0ms)
			AwakeInstancesAfterBackupRestoration (16ms)
Platform modules already initialized, skipping
Refreshing native plugins compatible for Editor in 2.86 ms, found 3 plugins.
Preloading 0 native plugins for Editor in 0.00 ms.
Unloading 5282 Unused Serialized files (Serialized files now loaded: 0)
Unloading 25 unused Assets / (380.6 KB). Loaded Objects now: 5991.
Memory consumption went from 0.83 GB to 0.83 GB.
Total: 4.709200 ms (FindLiveObjects: 0.514800 ms CreateObjectMapping: 0.217900 ms MarkObjects: 3.879900 ms  DeleteObjects: 0.095100 ms)

AssetImportParameters requested are different than current active one (requested -> active):
  custom:video-decoder-ogg-theora: a1e56fd34408186e4bbccfd4996cb3dc -> 
  custom:container-muxer-webm: aa71ff27fc2769a1b78a27578f13a17b -> 
  custom:container-demuxer-webm: 4f35f7cbe854078d1ac9338744f61a02 -> 
  custom:video-encoder-webm-vp8: eb34c28f22e8b96e1ab97ce403110664 -> 
  custom:audio-encoder-webm-vorbis: bf7c407c2cedff20999df2af8eb42d56 -> 
  custom:framework-win-MediaFoundation: 216162199b28c13a410421893ffa2e32 -> 
  custom:container-demuxer-ogg: 62fdf1f143b41e24485cea50d1cbac27 -> 
  custom:video-decoder-webm-vp8: 9c59270c3fd7afecdb556c50c9e8de78 -> 
  custom:audio-decoder-ogg-vorbis: bf7c407c2cedff20999df2af8eb42d56 -> 
========================================================================
Received Import Request.
  Time since last request: 811.167618 seconds.
  path: Assets/Resources/UI/Shop_Item.prefab
  artifactKey: Guid(374e3877aa7cb30409f849bfbf77fe19) Importer(815301076,1909f56bfc062723c751e8b465ee728b)
Start importing Assets/Resources/UI/Shop_Item.prefab using Guid(374e3877aa7cb30409f849bfbf77fe19) Importer(815301076,1909f56bfc062723c751e8b465ee728b)  -> (artifact id: '750d724a2968a46c973e891c6a85f023') in 0.069838 seconds 
========================================================================
Received Prepare
Registering precompiled user dll's ...
Registered in 0.005964 seconds.
Begin MonoManager ReloadAssembly
Symbol file LoadedFromMemory doesn't match image X:\GitHub\Unity_Pencil-Project\Unity_Pencil Project\Library\PackageCache\com.unity.visualscripting@1.7.8\Editor\VisualScripting.Core\Dependencies\YamlDotNet\Unity.VisualScripting.YamlDotNet.dll
Symbol file LoadedFromMemory doesn't match image X:\GitHub\Unity_Pencil-Project\Unity_Pencil Project\Library\PackageCache\com.unity.visualscripting@1.7.8\Editor\VisualScripting.Core\Dependencies\DotNetZip\Unity.VisualScripting.IonicZip.dll
Native extension for WindowsStandalone target not found
Native extension for Android target not found
Native extension for WebGL target not found
Refreshing native plugins compatible for Editor in 1.95 ms, found 3 plugins.
Preloading 0 native plugins for Editor in 0.00 ms.
Mono: successfully reloaded assembly
- Completed reload, in  1.416 seconds
Domain Reload Profiling:
	ReloadAssembly (1416ms)
		BeginReloadAssembly (152ms)
			ExecutionOrderSort (0ms)
			DisableScriptedObjects (5ms)
			BackupInstance (0ms)
			ReleaseScriptingObjects (0ms)
			CreateAndSetChildDomain (37ms)
		EndReloadAssembly (1155ms)
			LoadAssemblies (115ms)
			RebuildTransferFunctionScriptingTraits (0ms)
			SetupTypeCache (324ms)
				TypeCache.Initialize (307ms)
					TypeCache.ScanAssembly (301ms)
				ResolveRequiredComponents (17ms)
			ReleaseScriptCaches (2ms)
			RebuildScriptCaches (59ms)
			SetupLoadedEditorAssemblies (596ms)
				LogAssemblyErrors (0ms)
				InitializePlatformSupportModulesInManaged (29ms)
				SetLoadedEditorAssemblies (9ms)
				RefreshPlugins (2ms)
				BeforeProcessingInitializeOnLoad (102ms)
				ProcessInitializeOnLoadAttributes (343ms)
				ProcessInitializeOnLoadMethodAttributes (97ms)
				AfterProcessingInitializeOnLoad (13ms)
				EditorAssembliesLoaded (0ms)
			ExecutionOrderSort2 (0ms)
			AwakeInstancesAfterBackupRestoration (17ms)
Platform modules already initialized, skipping
Refreshing native plugins compatible for Editor in 3.27 ms, found 3 plugins.
Preloading 0 native plugins for Editor in 0.00 ms.
Unloading 5282 Unused Serialized files (Serialized files now loaded: 0)
Unloading 25 unused Assets / (380.5 KB). Loaded Objects now: 6007.
Memory consumption went from 0.83 GB to 0.83 GB.
Total: 4.760200 ms (FindLiveObjects: 0.517200 ms CreateObjectMapping: 0.169500 ms MarkObjects: 3.978500 ms  DeleteObjects: 0.093900 ms)

AssetImportParameters requested are different than current active one (requested -> active):
  custom:video-decoder-ogg-theora: a1e56fd34408186e4bbccfd4996cb3dc -> 
  custom:container-muxer-webm: aa71ff27fc2769a1b78a27578f13a17b -> 
  custom:container-demuxer-webm: 4f35f7cbe854078d1ac9338744f61a02 -> 
  custom:video-encoder-webm-vp8: eb34c28f22e8b96e1ab97ce403110664 -> 
  custom:audio-encoder-webm-vorbis: bf7c407c2cedff20999df2af8eb42d56 -> 
  custom:framework-win-MediaFoundation: 216162199b28c13a410421893ffa2e32 -> 
  custom:container-demuxer-ogg: 62fdf1f143b41e24485cea50d1cbac27 -> 
  custom:video-decoder-webm-vp8: 9c59270c3fd7afecdb556c50c9e8de78 -> 
  custom:audio-decoder-ogg-vorbis: bf7c407c2cedff20999df2af8eb42d56 -> 
========================================================================
Received Import Request.
  Time since last request: 1388.863745 seconds.
  path: Assets/Resources/UI/Shop.prefab
  artifactKey: Guid(aeeb76652a37e5242aae51ab1ab6d54c) Importer(815301076,1909f56bfc062723c751e8b465ee728b)
Start importing Assets/Resources/UI/Shop.prefab using Guid(aeeb76652a37e5242aae51ab1ab6d54c) Importer(815301076,1909f56bfc062723c751e8b465ee728b)  -> (artifact id: '53cc9f6d0ea72edd4a3163ff70b4d418') in 0.090862 seconds 
