Using pre-set license
Built from '2022.1/staging' branch; Version is '2022.1.6f1 (e49a51cf6290) revision 14981713'; Using compiler version '192829333'; Build Type 'Release'
OS: 'Windows 10  (10.0.19045) 64bit Professional' Language: 'ru' Physical Memory: 16335 MB
BatchMode: 1, IsHumanControllingUs: 0, StartBugReporterOnCrash: 0, Is64bit: 1, IsPro: 1

COMMAND LINE ARGUMENTS:
C:\Program Files\Unity\Hub\Editor\2022.1.6f1\Editor\Unity.exe
-adb2
-batchMode
-noUpm
-name
AssetImportWorker1
-projectPath
X:/GitHub/Unity_Pencil-Project/Unity_Pencil Project
-logFile
Logs/AssetImportWorker1.log
-srvPort
51520
Successfully changed project path to: X:/GitHub/Unity_Pencil-Project/Unity_Pencil Project
X:/GitHub/Unity_Pencil-Project/Unity_Pencil Project
[UnityMemory] Configuration Parameters - Can be set up in boot.config
    "memorysetup-bucket-allocator-granularity=16"
    "memorysetup-bucket-allocator-bucket-count=8"
    "memorysetup-bucket-allocator-block-size=33554432"
    "memorysetup-bucket-allocator-block-count=8"
    "memorysetup-main-allocator-block-size=16777216"
    "memorysetup-thread-allocator-block-size=16777216"
    "memorysetup-gfx-main-allocator-block-size=16777216"
    "memorysetup-gfx-thread-allocator-block-size=16777216"
    "memorysetup-cache-allocator-block-size=4194304"
    "memorysetup-typetree-allocator-block-size=2097152"
    "memorysetup-profiler-bucket-allocator-granularity=16"
    "memorysetup-profiler-bucket-allocator-bucket-count=8"
    "memorysetup-profiler-bucket-allocator-block-size=33554432"
    "memorysetup-profiler-bucket-allocator-block-count=8"
    "memorysetup-profiler-allocator-block-size=16777216"
    "memorysetup-profiler-editor-allocator-block-size=1048576"
    "memorysetup-temp-allocator-size-main=16777216"
    "memorysetup-job-temp-allocator-block-size=2097152"
    "memorysetup-job-temp-allocator-block-size-background=1048576"
    "memorysetup-job-temp-allocator-reduction-small-platforms=262144"
    "memorysetup-temp-allocator-size-background-worker=32768"
    "memorysetup-temp-allocator-size-job-worker=262144"
    "memorysetup-temp-allocator-size-preload-manager=33554432"
    "memorysetup-temp-allocator-size-nav-mesh-worker=65536"
    "memorysetup-temp-allocator-size-audio-worker=65536"
    "memorysetup-temp-allocator-size-cloud-worker=32768"
    "memorysetup-temp-allocator-size-gi-baking-worker=262144"
    "memorysetup-temp-allocator-size-gfx=262144"
Refreshing native plugins compatible for Editor in 134.34 ms, found 3 plugins.
Preloading 0 native plugins for Editor in 0.00 ms.
Initialize engine version: 2022.1.6f1 (e49a51cf6290)
[Subsystems] Discovering subsystems at path C:/Program Files/Unity/Hub/Editor/2022.1.6f1/Editor/Data/Resources/UnitySubsystems
[Subsystems] Discovering subsystems at path X:/GitHub/Unity_Pencil-Project/Unity_Pencil Project/Assets
GfxDevice: creating device client; threaded=0; jobified=0
Direct3D:
    Version:  Direct3D 11.0 [level 11.1]
    Renderer: Radeon RX 580 Series (ID=0x67df)
    Vendor:   ATI
    VRAM:     8135 MB
    Driver:   31.0.14057.5006
Initialize mono
Mono path[0] = 'C:/Program Files/Unity/Hub/Editor/2022.1.6f1/Editor/Data/Managed'
Mono path[1] = 'C:/Program Files/Unity/Hub/Editor/2022.1.6f1/Editor/Data/MonoBleedingEdge/lib/mono/unityjit-win32'
Mono config path = 'C:/Program Files/Unity/Hub/Editor/2022.1.6f1/Editor/Data/MonoBleedingEdge/etc'
Using monoOptions --debugger-agent=transport=dt_socket,embedding=1,server=y,suspend=n,address=127.0.0.1:56504
Begin MonoManager ReloadAssembly
Registering precompiled unity dll's ...
Register platform support module: C:/Program Files/Unity/Hub/Editor/2022.1.6f1/Editor/Data/PlaybackEngines/WebGLSupport/UnityEditor.WebGL.Extensions.dll
Register platform support module: C:/Program Files/Unity/Hub/Editor/2022.1.6f1/Editor/Data/PlaybackEngines/AndroidPlayer/UnityEditor.Android.Extensions.dll
Register platform support module: C:/Program Files/Unity/Hub/Editor/2022.1.6f1/Editor/Data/PlaybackEngines/WindowsStandaloneSupport/UnityEditor.WindowsStandalone.Extensions.dll
Registered in 0.014313 seconds.
Native extension for WindowsStandalone target not found
Native extension for Android target not found
Native extension for WebGL target not found
Refreshing native plugins compatible for Editor in 139.37 ms, found 3 plugins.
Preloading 0 native plugins for Editor in 0.00 ms.
Mono: successfully reloaded assembly
- Completed reload, in  0.901 seconds
Domain Reload Profiling:
	ReloadAssembly (902ms)
		BeginReloadAssembly (107ms)
			ExecutionOrderSort (0ms)
			DisableScriptedObjects (0ms)
			BackupInstance (0ms)
			ReleaseScriptingObjects (0ms)
			CreateAndSetChildDomain (1ms)
		EndReloadAssembly (643ms)
			LoadAssemblies (104ms)
			RebuildTransferFunctionScriptingTraits (0ms)
			SetupTypeCache (148ms)
				TypeCache.Initialize (148ms)
					TypeCache.ScanAssembly (146ms)
				ResolveRequiredComponents (0ms)
			ReleaseScriptCaches (0ms)
			RebuildScriptCaches (31ms)
			SetupLoadedEditorAssemblies (397ms)
				LogAssemblyErrors (0ms)
				InitializePlatformSupportModulesInManaged (66ms)
				SetLoadedEditorAssemblies (11ms)
				RefreshPlugins (139ms)
				BeforeProcessingInitializeOnLoad (1ms)
				ProcessInitializeOnLoadAttributes (126ms)
				ProcessInitializeOnLoadMethodAttributes (54ms)
				AfterProcessingInitializeOnLoad (0ms)
				EditorAssembliesLoaded (0ms)
			ExecutionOrderSort2 (0ms)
			AwakeInstancesAfterBackupRestoration (0ms)
Platform modules already initialized, skipping
Registering precompiled user dll's ...
Registered in 0.007514 seconds.
Begin MonoManager ReloadAssembly
Symbol file LoadedFromMemory doesn't match image X:\GitHub\Unity_Pencil-Project\Unity_Pencil Project\Library\PackageCache\com.unity.visualscripting@1.7.8\Editor\VisualScripting.Core\Dependencies\YamlDotNet\Unity.VisualScripting.YamlDotNet.dll
Symbol file LoadedFromMemory doesn't match image X:\GitHub\Unity_Pencil-Project\Unity_Pencil Project\Library\PackageCache\com.unity.visualscripting@1.7.8\Editor\VisualScripting.Core\Dependencies\DotNetZip\Unity.VisualScripting.IonicZip.dll
Native extension for WindowsStandalone target not found
Native extension for Android target not found
Native extension for WebGL target not found
Refreshing native plugins compatible for Editor in 139.05 ms, found 3 plugins.
Preloading 0 native plugins for Editor in 0.00 ms.
Mono: successfully reloaded assembly
- Completed reload, in  1.819 seconds
Domain Reload Profiling:
	ReloadAssembly (1820ms)
		BeginReloadAssembly (265ms)
			ExecutionOrderSort (0ms)
			DisableScriptedObjects (7ms)
			BackupInstance (0ms)
			ReleaseScriptingObjects (0ms)
			CreateAndSetChildDomain (124ms)
		EndReloadAssembly (1388ms)
			LoadAssemblies (145ms)
			RebuildTransferFunctionScriptingTraits (0ms)
			SetupTypeCache (350ms)
				TypeCache.Initialize (336ms)
					TypeCache.ScanAssembly (331ms)
				ResolveRequiredComponents (14ms)
			ReleaseScriptCaches (1ms)
			RebuildScriptCaches (82ms)
			SetupLoadedEditorAssemblies (773ms)
				LogAssemblyErrors (0ms)
				InitializePlatformSupportModulesInManaged (22ms)
				SetLoadedEditorAssemblies (6ms)
				RefreshPlugins (139ms)
				BeforeProcessingInitializeOnLoad (133ms)
				ProcessInitializeOnLoadAttributes (354ms)
				ProcessInitializeOnLoadMethodAttributes (105ms)
				AfterProcessingInitializeOnLoad (13ms)
				EditorAssembliesLoaded (0ms)
			ExecutionOrderSort2 (0ms)
			AwakeInstancesAfterBackupRestoration (7ms)
Platform modules already initialized, skipping
========================================================================
Worker process is ready to serve import requests
Launched and connected shader compiler UnityShaderCompiler.exe after 0.06 seconds
Refreshing native plugins compatible for Editor in 1.21 ms, found 3 plugins.
Preloading 0 native plugins for Editor in 0.00 ms.
Unloading 5437 Unused Serialized files (Serialized files now loaded: 0)
Unloading 43 unused Assets / (389.6 KB). Loaded Objects now: 5916.
Memory consumption went from 0.86 GB to 0.86 GB.
Total: 4.859100 ms (FindLiveObjects: 0.591900 ms CreateObjectMapping: 0.269700 ms MarkObjects: 3.855900 ms  DeleteObjects: 0.140300 ms)

AssetImportParameters requested are different than current active one (requested -> active):
  custom:video-decoder-ogg-theora: a1e56fd34408186e4bbccfd4996cb3dc -> 
  custom:container-muxer-webm: aa71ff27fc2769a1b78a27578f13a17b -> 
  custom:container-demuxer-webm: 4f35f7cbe854078d1ac9338744f61a02 -> 
  custom:video-encoder-webm-vp8: eb34c28f22e8b96e1ab97ce403110664 -> 
  custom:audio-encoder-webm-vorbis: bf7c407c2cedff20999df2af8eb42d56 -> 
  custom:framework-win-MediaFoundation: 216162199b28c13a410421893ffa2e32 -> 
  custom:container-demuxer-ogg: 62fdf1f143b41e24485cea50d1cbac27 -> 
  custom:video-decoder-webm-vp8: 9c59270c3fd7afecdb556c50c9e8de78 -> 
  custom:audio-decoder-ogg-vorbis: bf7c407c2cedff20999df2af8eb42d56 -> 
========================================================================
Received Import Request.
  Time since last request: 28082.447667 seconds.
  path: Assets/AssetsStore/GUI CARTOON/TEXTURE/Buttons/Yellow/SHOP-YELLOW.png
  artifactKey: Guid(c4b8ca1f6cef4234181abf670a00d456) Importer(815301076,1909f56bfc062723c751e8b465ee728b)
Start importing Assets/AssetsStore/GUI CARTOON/TEXTURE/Buttons/Yellow/SHOP-YELLOW.png using Guid(c4b8ca1f6cef4234181abf670a00d456) Importer(815301076,1909f56bfc062723c751e8b465ee728b)  -> (artifact id: '8793d1902458d807fe9a7c109de40efc') in 0.157330 seconds 
========================================================================
Received Import Request.
  Time since last request: 0.000024 seconds.
  path: Assets/AssetsStore/GUI CARTOON/TEXTURE/Buttons/Purple/TROPHY-PURPLE.png
  artifactKey: Guid(60b7e68c2ab9b0349ba17846b3d8f705) Importer(815301076,1909f56bfc062723c751e8b465ee728b)
Start importing Assets/AssetsStore/GUI CARTOON/TEXTURE/Buttons/Purple/TROPHY-PURPLE.png using Guid(60b7e68c2ab9b0349ba17846b3d8f705) Importer(815301076,1909f56bfc062723c751e8b465ee728b)  -> (artifact id: '82aea9cc10a0beca95fa08dc319b193d') in 0.024799 seconds 
========================================================================
Received Import Request.
  Time since last request: 0.000020 seconds.
  path: Assets/AssetsStore/GUI CARTOON/TEXTURE/Icon/SHOP.png
  artifactKey: Guid(36d164f0220997c4ab150c042085069b) Importer(815301076,1909f56bfc062723c751e8b465ee728b)
Start importing Assets/AssetsStore/GUI CARTOON/TEXTURE/Icon/SHOP.png using Guid(36d164f0220997c4ab150c042085069b) Importer(815301076,1909f56bfc062723c751e8b465ee728b)  -> (artifact id: '88b4f8f0b7482c6c532af0b4211be68e') in 0.023927 seconds 
========================================================================
Received Import Request.
  Time since last request: 0.000034 seconds.
  path: Assets/AssetsStore/GUI CARTOON/TEXTURE/Buttons/Yellow/SETTING-YELLOW.png
  artifactKey: Guid(2530984098245d84bb54ecd99031968c) Importer(815301076,1909f56bfc062723c751e8b465ee728b)
Start importing Assets/AssetsStore/GUI CARTOON/TEXTURE/Buttons/Yellow/SETTING-YELLOW.png using Guid(2530984098245d84bb54ecd99031968c) Importer(815301076,1909f56bfc062723c751e8b465ee728b)  -> (artifact id: '45c428c80aff577a9190b6327852165d') in 0.025254 seconds 
========================================================================
Received Import Request.
  Time since last request: 0.000037 seconds.
  path: Assets/AssetsStore/GUI CARTOON/TEXTURE/Buttons/Blue/SOUND-BLUE.png
  artifactKey: Guid(fe4e30a8f9d01c745b328f5fe71aca64) Importer(815301076,1909f56bfc062723c751e8b465ee728b)
Start importing Assets/AssetsStore/GUI CARTOON/TEXTURE/Buttons/Blue/SOUND-BLUE.png using Guid(fe4e30a8f9d01c745b328f5fe71aca64) Importer(815301076,1909f56bfc062723c751e8b465ee728b)  -> (artifact id: '15ae570bcd2520019ad235afa55bfbf5') in 0.024009 seconds 
========================================================================
Received Import Request.
  Time since last request: 0.000027 seconds.
  path: Assets/AssetsStore/GUI CARTOON/TEXTURE/Buttons/Red/SHOP-RED.png
  artifactKey: Guid(5f94d11b3ec025a4a9bd9cb4c9b16ff7) Importer(815301076,1909f56bfc062723c751e8b465ee728b)
Start importing Assets/AssetsStore/GUI CARTOON/TEXTURE/Buttons/Red/SHOP-RED.png using Guid(5f94d11b3ec025a4a9bd9cb4c9b16ff7) Importer(815301076,1909f56bfc062723c751e8b465ee728b)  -> (artifact id: '397b5508a11032d57fe40561421c2a76') in 0.025868 seconds 
========================================================================
Received Import Request.
  Time since last request: 0.000045 seconds.
  path: Assets/AssetsStore/GUI CARTOON/TEXTURE/Buttons/Green/SHOP-GREEN.png
  artifactKey: Guid(0514cccbcd617c8409f077f2957cfdc7) Importer(815301076,1909f56bfc062723c751e8b465ee728b)
Start importing Assets/AssetsStore/GUI CARTOON/TEXTURE/Buttons/Green/SHOP-GREEN.png using Guid(0514cccbcd617c8409f077f2957cfdc7) Importer(815301076,1909f56bfc062723c751e8b465ee728b)  -> (artifact id: '262f76da8b333e931db2d9ffa57937f9') in 0.025116 seconds 
========================================================================
Received Import Request.
  Time since last request: 0.000034 seconds.
  path: Assets/AssetsStore/GUI CARTOON/TEXTURE/Buttons/Lavender/SETTING-PINK.png
  artifactKey: Guid(c10877f9becdc7e409e2dd5a85a0b658) Importer(815301076,1909f56bfc062723c751e8b465ee728b)
Start importing Assets/AssetsStore/GUI CARTOON/TEXTURE/Buttons/Lavender/SETTING-PINK.png using Guid(c10877f9becdc7e409e2dd5a85a0b658) Importer(815301076,1909f56bfc062723c751e8b465ee728b)  -> (artifact id: '1da456dd369797c52d925082827078f9') in 0.031973 seconds 
========================================================================
Received Import Request.
  Time since last request: 0.000026 seconds.
  path: Assets/AssetsStore/GUI CARTOON/TEXTURE/Buttons/Lavender/RETRY-PINK.png
  artifactKey: Guid(8bd2d7272088102478ba69a7fc9db87b) Importer(815301076,1909f56bfc062723c751e8b465ee728b)
Start importing Assets/AssetsStore/GUI CARTOON/TEXTURE/Buttons/Lavender/RETRY-PINK.png using Guid(8bd2d7272088102478ba69a7fc9db87b) Importer(815301076,1909f56bfc062723c751e8b465ee728b)  -> (artifact id: 'f38451840cb87b2c237e85704c613beb') in 0.025266 seconds 
========================================================================
Received Import Request.
  Time since last request: 0.000029 seconds.
  path: Assets/AssetsStore/GUI CARTOON/TEXTURE/Buttons/NavyBlue/RETRY-NAVYBLUE.png
  artifactKey: Guid(bcc132e9ca3b1cb449586273a8feb6d6) Importer(815301076,1909f56bfc062723c751e8b465ee728b)
Start importing Assets/AssetsStore/GUI CARTOON/TEXTURE/Buttons/NavyBlue/RETRY-NAVYBLUE.png using Guid(bcc132e9ca3b1cb449586273a8feb6d6) Importer(815301076,1909f56bfc062723c751e8b465ee728b)  -> (artifact id: 'a9875d3dc7bdb4ef34d8ec4884726ccb') in 0.023420 seconds 
========================================================================
Received Import Request.
  Time since last request: 0.000024 seconds.
  path: Assets/AssetsStore/GUI CARTOON/TEXTURE/Buttons/Purple/SETTING-PURPLE.png
  artifactKey: Guid(f71170f3c46f24a4da518646388cc431) Importer(815301076,1909f56bfc062723c751e8b465ee728b)
Start importing Assets/AssetsStore/GUI CARTOON/TEXTURE/Buttons/Purple/SETTING-PURPLE.png using Guid(f71170f3c46f24a4da518646388cc431) Importer(815301076,1909f56bfc062723c751e8b465ee728b)  -> (artifact id: 'bbf40f3ddc156e5392c390d0afb9da49') in 0.028171 seconds 
========================================================================
Received Import Request.
  Time since last request: 0.000031 seconds.
  path: Assets/AssetsStore/GUI CARTOON/TEXTURE/Buttons/Orange/SETTING-ORANGE.png
  artifactKey: Guid(214eeb9d4d3fc714f808e63e8bb253ec) Importer(815301076,1909f56bfc062723c751e8b465ee728b)
Start importing Assets/AssetsStore/GUI CARTOON/TEXTURE/Buttons/Orange/SETTING-ORANGE.png using Guid(214eeb9d4d3fc714f808e63e8bb253ec) Importer(815301076,1909f56bfc062723c751e8b465ee728b)  -> (artifact id: 'c4ad1c9ad9c80a8caa93bb88c17068af') in 0.028421 seconds 
========================================================================
Received Import Request.
  Time since last request: 0.000040 seconds.
  path: Assets/AssetsStore/Simple Fantasy GUI/PNG/Icons/Sword_Icon.png
  artifactKey: Guid(af50dc4fa7b6d314895d0f8c79adb4a5) Importer(815301076,1909f56bfc062723c751e8b465ee728b)
Start importing Assets/AssetsStore/Simple Fantasy GUI/PNG/Icons/Sword_Icon.png using Guid(af50dc4fa7b6d314895d0f8c79adb4a5) Importer(815301076,1909f56bfc062723c751e8b465ee728b)  -> (artifact id: '28af562798c8ae751223514a6281c8d2') in 0.021677 seconds 
========================================================================
Received Import Request.
  Time since last request: 0.000031 seconds.
  path: Assets/AssetsStore/GUI CARTOON/TEXTURE/Buttons/Green/SETTING-GREEN.png
  artifactKey: Guid(9a69296eb21082944afa8f099d261a49) Importer(815301076,1909f56bfc062723c751e8b465ee728b)
Start importing Assets/AssetsStore/GUI CARTOON/TEXTURE/Buttons/Green/SETTING-GREEN.png using Guid(9a69296eb21082944afa8f099d261a49) Importer(815301076,1909f56bfc062723c751e8b465ee728b)  -> (artifact id: '38a657218195ec93f78ea73ea56b1459') in 0.025768 seconds 
========================================================================
Received Import Request.
  Time since last request: 0.000028 seconds.
  path: Assets/AssetsStore/GUI CARTOON/TEXTURE/Buttons/Yellow/RETRY-YELLOW.png
  artifactKey: Guid(758ba33f1302fd0419266ce686d33422) Importer(815301076,1909f56bfc062723c751e8b465ee728b)
Start importing Assets/AssetsStore/GUI CARTOON/TEXTURE/Buttons/Yellow/RETRY-YELLOW.png using Guid(758ba33f1302fd0419266ce686d33422) Importer(815301076,1909f56bfc062723c751e8b465ee728b)  -> (artifact id: '06042afe4b8fad24b3073790966971dc') in 0.027407 seconds 
========================================================================
Received Import Request.
  Time since last request: 0.000034 seconds.
  path: Assets/AssetsStore/GUI CARTOON/TEXTURE/Icon/SETTING.png
  artifactKey: Guid(2f4015e1c23539a4f950d3910a78515e) Importer(815301076,1909f56bfc062723c751e8b465ee728b)
Start importing Assets/AssetsStore/GUI CARTOON/TEXTURE/Icon/SETTING.png using Guid(2f4015e1c23539a4f950d3910a78515e) Importer(815301076,1909f56bfc062723c751e8b465ee728b)  -> (artifact id: '1f360d03a4cee09bbded0f3f7d3b7aae') in 0.027228 seconds 
========================================================================
Received Import Request.
  Time since last request: 0.000026 seconds.
  path: Assets/AssetsStore/GUI CARTOON/TEXTURE/Buttons/Pink/RETRY-PINK.png
  artifactKey: Guid(f0eb8a744990fdb4993232a7893ee241) Importer(815301076,1909f56bfc062723c751e8b465ee728b)
Start importing Assets/AssetsStore/GUI CARTOON/TEXTURE/Buttons/Pink/RETRY-PINK.png using Guid(f0eb8a744990fdb4993232a7893ee241) Importer(815301076,1909f56bfc062723c751e8b465ee728b)  -> (artifact id: 'cc5d020b94ab61afe0c706d6f16d4347') in 0.027959 seconds 
========================================================================
Received Import Request.
  Time since last request: 0.000029 seconds.
  path: Assets/AssetsStore/GUI CARTOON/TEXTURE/Buttons/Red/SETTING-RED.png
  artifactKey: Guid(ab6ee42ccdac2c74790282eabd648ad4) Importer(815301076,1909f56bfc062723c751e8b465ee728b)
Start importing Assets/AssetsStore/GUI CARTOON/TEXTURE/Buttons/Red/SETTING-RED.png using Guid(ab6ee42ccdac2c74790282eabd648ad4) Importer(815301076,1909f56bfc062723c751e8b465ee728b)  -> (artifact id: '39e85d577230e0f28a487d6de905c798') in 0.026921 seconds 
========================================================================
Received Import Request.
  Time since last request: 0.000025 seconds.
  path: Assets/AssetsStore/GUI CARTOON/TEXTURE/Buttons/Green/SOUND-GREEN.png
  artifactKey: Guid(6f928ecbf22a8504c828cf962cd084ac) Importer(815301076,1909f56bfc062723c751e8b465ee728b)
Start importing Assets/AssetsStore/GUI CARTOON/TEXTURE/Buttons/Green/SOUND-GREEN.png using Guid(6f928ecbf22a8504c828cf962cd084ac) Importer(815301076,1909f56bfc062723c751e8b465ee728b)  -> (artifact id: '72b47ba0424bb7602d5fc88f5be6428d') in 0.028470 seconds 
========================================================================
Received Import Request.
  Time since last request: 0.000024 seconds.
  path: Assets/AssetsStore/BigRookGames/_AssetPacks/Stylized Weapon Pack/Stylized Rocket Launcher/Textures/SoftGlow.png
  artifactKey: Guid(e5f3479768a4514458f261239d1c911e) Importer(815301076,1909f56bfc062723c751e8b465ee728b)
Start importing Assets/AssetsStore/BigRookGames/_AssetPacks/Stylized Weapon Pack/Stylized Rocket Launcher/Textures/SoftGlow.png using Guid(e5f3479768a4514458f261239d1c911e) Importer(815301076,1909f56bfc062723c751e8b465ee728b)  -> (artifact id: '5e7fcc66909fd1b9cf4d2617bd13776e') in 0.028075 seconds 
========================================================================
Received Import Request.
  Time since last request: 0.000040 seconds.
  path: Assets/AssetsStore/Simple Fantasy GUI/PNG/Character Panel/Stats_Box.png
  artifactKey: Guid(fb2797aeae325e14abeff8973023ab45) Importer(815301076,1909f56bfc062723c751e8b465ee728b)
Start importing Assets/AssetsStore/Simple Fantasy GUI/PNG/Character Panel/Stats_Box.png using Guid(fb2797aeae325e14abeff8973023ab45) Importer(815301076,1909f56bfc062723c751e8b465ee728b)  -> (artifact id: 'a36f5ae7aa4b2bed6f26e3afc8cb85d4') in 0.027109 seconds 
========================================================================
Received Import Request.
  Time since last request: 0.000024 seconds.
  path: Assets/AssetsStore/GUI CARTOON/TEXTURE/Buttons/Pink/SHOP-PINK.png
  artifactKey: Guid(26e20ed177b11a2409eca6c48c5e81f6) Importer(815301076,1909f56bfc062723c751e8b465ee728b)
Start importing Assets/AssetsStore/GUI CARTOON/TEXTURE/Buttons/Pink/SHOP-PINK.png using Guid(26e20ed177b11a2409eca6c48c5e81f6) Importer(815301076,1909f56bfc062723c751e8b465ee728b)  -> (artifact id: 'e1802d55446cedb06ce644279d0841ec') in 0.025876 seconds 
========================================================================
Received Import Request.
  Time since last request: 0.000021 seconds.
  path: Assets/AssetsStore/GUI CARTOON/TEXTURE/Buttons/Lavender/SHOP-PINK.png
  artifactKey: Guid(739c75d8d5779aa40ad59340678ee2e2) Importer(815301076,1909f56bfc062723c751e8b465ee728b)
Start importing Assets/AssetsStore/GUI CARTOON/TEXTURE/Buttons/Lavender/SHOP-PINK.png using Guid(739c75d8d5779aa40ad59340678ee2e2) Importer(815301076,1909f56bfc062723c751e8b465ee728b)  -> (artifact id: 'b313f2b4daf845e8f7586ca90d1115a9') in 0.024327 seconds 
========================================================================
Received Import Request.
  Time since last request: 0.000023 seconds.
  path: Assets/AssetsStore/GUI CARTOON/TEXTURE/Buttons/Green/TROPHY-GREEN.png
  artifactKey: Guid(5c05f2d71291f5e48b9a870c62515a0d) Importer(815301076,1909f56bfc062723c751e8b465ee728b)
Start importing Assets/AssetsStore/GUI CARTOON/TEXTURE/Buttons/Green/TROPHY-GREEN.png using Guid(5c05f2d71291f5e48b9a870c62515a0d) Importer(815301076,1909f56bfc062723c751e8b465ee728b)  -> (artifact id: '84c1520b57dbcba8ec3f49a1cb58367e') in 0.024521 seconds 
========================================================================
Received Import Request.
  Time since last request: 6.023064 seconds.
  path: Assets/AssetsStore/Simple Fantasy GUI/PNG/Menu Panel/Button.png
  artifactKey: Guid(26d2e70834704ab4caaa1bcabebb3873) Importer(815301076,1909f56bfc062723c751e8b465ee728b)
Start importing Assets/AssetsStore/Simple Fantasy GUI/PNG/Menu Panel/Button.png using Guid(26d2e70834704ab4caaa1bcabebb3873) Importer(815301076,1909f56bfc062723c751e8b465ee728b)  -> (artifact id: 'ad424e6cabc59f9d4ee3a57f81e2ac81') in 0.025057 seconds 
========================================================================
Received Import Request.
  Time since last request: 0.000022 seconds.
  path: Assets/AssetsStore/Simple Fantasy GUI/PNG/Menu Panel/ButtonShadow.png
  artifactKey: Guid(a1bad59df67816b4e87ffbadf3753955) Importer(815301076,1909f56bfc062723c751e8b465ee728b)
Start importing Assets/AssetsStore/Simple Fantasy GUI/PNG/Menu Panel/ButtonShadow.png using Guid(a1bad59df67816b4e87ffbadf3753955) Importer(815301076,1909f56bfc062723c751e8b465ee728b)  -> (artifact id: 'f49ddb0477bd785d53a4669f8eb97e69') in 0.019812 seconds 
========================================================================
Received Import Request.
  Time since last request: 0.000023 seconds.
  path: Assets/AssetsStore/GUI CARTOON/TEXTURE/Buttons/Yellow/CANCEL-YELLOW.png
  artifactKey: Guid(696c2e856057a334fae6c2bb43389503) Importer(815301076,1909f56bfc062723c751e8b465ee728b)
Start importing Assets/AssetsStore/GUI CARTOON/TEXTURE/Buttons/Yellow/CANCEL-YELLOW.png using Guid(696c2e856057a334fae6c2bb43389503) Importer(815301076,1909f56bfc062723c751e8b465ee728b)  -> (artifact id: '168f3feeb5fa8225704ae38a623cf017') in 0.024720 seconds 
========================================================================
Received Import Request.
  Time since last request: 0.000031 seconds.
  path: Assets/AssetsStore/GUI CARTOON/TEXTURE/Buttons/Blue/CANCEL-BLUE.png
  artifactKey: Guid(167e36297de429e4281556a52e28700d) Importer(815301076,1909f56bfc062723c751e8b465ee728b)
Start importing Assets/AssetsStore/GUI CARTOON/TEXTURE/Buttons/Blue/CANCEL-BLUE.png using Guid(167e36297de429e4281556a52e28700d) Importer(815301076,1909f56bfc062723c751e8b465ee728b)  -> (artifact id: '1b7801e6dbe837ebf8b9a01dd60ffc1e') in 0.024901 seconds 
========================================================================
Received Import Request.
  Time since last request: 0.000037 seconds.
  path: Assets/AssetsStore/GUI CARTOON/TEXTURE/Buttons/Green/CANCEL-GREEN.png
  artifactKey: Guid(06e9108328402f44fbbde7aa16861712) Importer(815301076,1909f56bfc062723c751e8b465ee728b)
Start importing Assets/AssetsStore/GUI CARTOON/TEXTURE/Buttons/Green/CANCEL-GREEN.png using Guid(06e9108328402f44fbbde7aa16861712) Importer(815301076,1909f56bfc062723c751e8b465ee728b)  -> (artifact id: '8aa8be81d96f9278d4bb28cec55d162f') in 0.029078 seconds 
========================================================================
Received Import Request.
  Time since last request: 0.000027 seconds.
  path: Assets/AssetsStore/GUI CARTOON/TEXTURE/Buttons/Purple/CANCEL-PURPLE.png
  artifactKey: Guid(f0929fffa8460de49a9fda3d379001b7) Importer(815301076,1909f56bfc062723c751e8b465ee728b)
Start importing Assets/AssetsStore/GUI CARTOON/TEXTURE/Buttons/Purple/CANCEL-PURPLE.png using Guid(f0929fffa8460de49a9fda3d379001b7) Importer(815301076,1909f56bfc062723c751e8b465ee728b)  -> (artifact id: '8fc8900e5076c002dd7b76349fa5e724') in 0.026708 seconds 
========================================================================
Received Import Request.
  Time since last request: 0.000026 seconds.
  path: Assets/AssetsStore/GUI CARTOON/TEXTURE/Buttons/Orange/CANCEL-ORANGE.png
  artifactKey: Guid(153a16b1ba3709d4e9f29ff28aa49b85) Importer(815301076,1909f56bfc062723c751e8b465ee728b)
Start importing Assets/AssetsStore/GUI CARTOON/TEXTURE/Buttons/Orange/CANCEL-ORANGE.png using Guid(153a16b1ba3709d4e9f29ff28aa49b85) Importer(815301076,1909f56bfc062723c751e8b465ee728b)  -> (artifact id: 'aed00e640050369d364f542a47ca806a') in 0.027499 seconds 
========================================================================
Received Import Request.
  Time since last request: 0.000030 seconds.
  path: Assets/AssetsStore/GUI CARTOON/TEXTURE/Buttons/Red/CANCEL-RED.png
  artifactKey: Guid(82c9f04eb006a7f42b84d1ae9352ed4b) Importer(815301076,1909f56bfc062723c751e8b465ee728b)
Start importing Assets/AssetsStore/GUI CARTOON/TEXTURE/Buttons/Red/CANCEL-RED.png using Guid(82c9f04eb006a7f42b84d1ae9352ed4b) Importer(815301076,1909f56bfc062723c751e8b465ee728b)  -> (artifact id: '44ceeffcfc5251ed3b3a2d39f5937e99') in 0.024117 seconds 
Editor requested this worker to shutdown with reason: Scaling down because of idle timeout
AssetImportWorker is now disconnected from the server
Process exiting
Exiting without the bug reporter. Application will terminate with return code 0